C251 COMPILER V5.60.0,  MENU_DATA                                                          30/12/24  14:01:21  PAGE 1   


C251 COMPILER V5.60.0, COMPILATION OF MODULE MENU_DATA
OBJECT MODULE PLACED IN .\Out_File\MENU_DATA.obj
COMPILER INVOKED BY: C:\Keil_v5\C251\BIN\C251.EXE MENU_DATA.c LARGE WARNINGLEVEL(3) OPTIMIZE(0,SPEED) BROWSE INCDIR(..\.
                    -.\Libraries\libraries;..\..\Libraries\seekfree_libraries;..\..\Libraries\seekfree_peripheral;..\CODE;..\USER\inc;..\USER
                    -\src;..\..\Libraries\seekfree_components;..\USER\inc;..\USER\src;..\MDK) DEBUG PRINT(.\Out_File\MENU_DATA.lst) TABS(2) O
                    -BJECT(.\Out_File\MENU_DATA.obj) 

stmt  level    source

    1          #include "headfile.h"
    2          #include "control.h"
    3          #include "PID.h"
    4          #include "MENU_DATA.h"
    5          #include "Menu.h"
    6          
    7          int flash[20]={0};
    8          uint16 address = 0x00; // ÆðÊ¼µØÖ·
    9          
   10          void read_flash(void)
   11          {
   12   1            int i;
   13   1            for(i=0;i<20;i++){
   14   2                iap_read_bytes(address,(uint8 *)&flash[i],4);
   15   2                address+=4;
   16   2            }
   17   1            start_speed=flash[0];
   18   1            wifi_flag=flash[1];
   19   1        
   20   1      }
   21          
   22          void write_flash(void)
   23          {
   24   1      
   25   1                iap_erase_page(0);
   26   1                iap_write_bytes(0x00, (uint8*)&start_speed, 4);
   27   1                iap_write_bytes(0x04, (uint8*)&wifi_flag, 4);
   28   1      
   29   1      
   30   1      }
   31          
   32          


Module Information          Static   Overlayable
------------------------------------------------
  code size            =       172     ------
  ecode size           =    ------     ------
  data size            =    ------     ------
  idata size           =    ------     ------
  pdata size           =    ------     ------
  xdata size           =        44     ------
  xdata-const size     =    ------     ------
  edata size           =    ------     ------
  bit size             =    ------     ------
  ebit size            =    ------     ------
  bitaddressable size  =    ------     ------
  ebitaddressable size =    ------     ------
  far data size        =    ------     ------
  huge data size       =    ------     ------
  const size           =    ------     ------
  hconst size          =        52     ------
End of Module Information.


C251 COMPILATION COMPLETE.  0 WARNING(S),  0 ERROR(S)
