C251 COMPILER V5.60.0,  buzzer                                                             22/11/24  22:30:25  PAGE 1   


C251 COMPILER V5.60.0, COMPILATION OF MODULE buzzer
OBJECT MODULE PLACED IN .\Out_File\buzzer.obj
COMPILER INVOKED BY: C:\Keil_v5\C251\BIN\C251.EXE ..\USER\src\buzzer.c XSMALL WARNINGLEVEL(3) OPTIMIZE(0,SPEED) BROWSE I
                    -NCDIR(..\..\Libraries\libraries;..\..\Libraries\seekfree_libraries;..\..\Libraries\seekfree_peripheral;..\CODE;..\USER\i
                    -nc;..\USER\src;..\..\Libraries\seekfree_components) DEBUG PRINT(.\Out_File\buzzer.lst) TABS(2) OBJECT(.\Out_File\buzzer.
                    -obj) 

stmt  level    source

    1          #include "buzzer.h"
    2          
    3          


Module Information          Static   Overlayable
------------------------------------------------
  code size            =    ------     ------
  ecode size           =    ------     ------
  data size            =    ------     ------
  idata size           =    ------     ------
  pdata size           =    ------     ------
  xdata size           =    ------     ------
  xdata-const size     =    ------     ------
  edata size           =    ------     ------
  bit size             =    ------     ------
  ebit size            =    ------     ------
  bitaddressable size  =    ------     ------
  ebitaddressable size =    ------     ------
  far data size        =    ------     ------
  huge data size       =    ------     ------
  const size           =    ------     ------
  hconst size          =    ------     ------
End of Module Information.


C251 COMPILATION COMPLETE.  0 WARNING(S),  0 ERROR(S)
