C251 COMPILER V5.60.0,  main                                                               22/11/24  22:30:24  PAGE 1   


C251 COMPILER V5.60.0, COMPILATION OF MODULE main
OBJECT MODULE PLACED IN .\Out_File\main.obj
COMPILER INVOKED BY: C:\Keil_v5\C251\BIN\C251.EXE ..\USER\src\main.c XSMALL WARNINGLEVEL(3) OPTIMIZE(0,SPEED) BROWSE INC
                    -DIR(..\..\Libraries\libraries;..\..\Libraries\seekfree_libraries;..\..\Libraries\seekfree_peripheral;..\CODE;..\USER\inc
                    -;..\USER\src;..\..\Libraries\seekfree_components) DEBUG PRINT(.\Out_File\main.lst) TABS(2) OBJECT(.\Out_File\main.obj) 

stmt  level    source

    1          #include "headfile.h"
    2          
    3          
    4          
    5          // 关于内核频率的设定，可以查看board.h文件
    6          // 在board_init中,已经将P54引脚设置为复位
    7          // 如果需要使用P54引脚,可以在board.c文件中的board_init()函数中删除SET_P54_RESRT即可
    8          uint16 last_ccd_data[128];
    9          float offset2_weight=8;
   10          
   11          
   12          
   13          
   14          void main()
   15          {
   16   1        uint16 count_time=0;
   17   1        uint8 display_mode=0;
   18   1        clock_init(SYSTEM_CLOCK_52M); // 初始化系统频率,勿删除此句代码。
   19   1        board_init();         // 初始化寄存器,勿删除此句代码。        // 初始化寄存器,勿删除此句代码。
   20   1        //DisableGlobalIRQ();
   21   1        
   22   1        //车辆初始化
   23   1        car_init();
   24   1        
   25   1        //ccd、tof位置检查
   26   1        car_check();
   27   1      
   28   1        while(1){
   29   2      
   30   2          // vofa_send_data[0] = 0;
   31   2          // vofa_send_data[1] = 0;
   32   2          // vofa_send_data[2] = 0;
   33   2          // vofa_send_data[7] = 0;
   34   2          // vodka_JustFloat_send(vofa_send_data, 8);
   35   2      
   36   2      
   37   2          key_test=key_scan(0);
   38   2      
   39   2      
   40   2      
   41   2      
   42   2      
   43   2          if(key_test==KEY2_PRESS)car_ready_gogogo = 1;
   44   2      
   45   2      
   46   2          
   47   2          if(tsl1401_finish_flag){  //判断完成一次计算就刷新lcd
   48   3            if(key_test==KEY1_PRESS){
   49   4              display_mode += 1;
   50   4              lcd_clear(BLACK); //  清屏
   51   4              if(display_mode >= 2)display_mode = 0;
   52   4              }
   53   3            switch (display_mode){
   54   4              case 0 :{
   55   5                display_0();
   56   5                break;
   57   5              }
C251 COMPILER V5.60.0,  main                                                               22/11/24  22:30:24  PAGE 2   

   58   4              case 1 :{
   59   5                display_1();
   60   5                break;
   61   5              }
   62   4            }
   63   3            tsl1401_finish_flag = 0; //标志位清零
   64   3          }
   65   2        }
   66   1      }
   67          
   68          


Module Information          Static   Overlayable
------------------------------------------------
  code size            =       137     ------
  ecode size           =    ------     ------
  data size            =    ------     ------
  idata size           =    ------     ------
  pdata size           =    ------     ------
  xdata size           =    ------     ------
  xdata-const size     =    ------     ------
  edata size           =       263     ------
  bit size             =    ------     ------
  ebit size            =    ------     ------
  bitaddressable size  =    ------     ------
  ebitaddressable size =    ------     ------
  far data size        =    ------     ------
  huge data size       =    ------     ------
  const size           =    ------     ------
  hconst size          =         8     ------
End of Module Information.


C251 COMPILATION COMPLETE.  0 WARNING(S),  0 ERROR(S)
