C251 COMPILER V5.60.0,  main                                                               22/11/24  19:31:33  PAGE 1   


C251 COMPILER V5.60.0, COMPILATION OF MODULE main
OBJECT MODULE PLACED IN .\Out_File\main.obj
COMPILER INVOKED BY: C:\Keil_v5\C251\BIN\C251.EXE ..\USER\src\main.c XSMALL INTR2 WARNINGLEVEL(3) OPTIMIZE(0,SPEED) BROW
                    -SE INCDIR(..\..\Libraries\libraries;..\..\Libraries\seekfree_libraries;..\..\Libraries\seekfree_peripheral;..\CODE;..\US
                    -ER\inc;..\USER\src;..\..\Libraries\seekfree_components) DEBUG PRINT(.\Out_File\main.lst) TABS(2) OBJECT(.\Out_File\main.
                    -obj) 

stmt  level    source

    1          /********************************************************************************************************
             -*************
    2           * COPYRIGHT NOTICE
    3           * Copyright (c) 2020,逐飞科技
    4           * All rights reserved.
    5           * 技术讨论QQ群：一群：179029047(已满)  二群：244861897(已满)  三群：824575535
    6           *
    7           * 以下所有内容版权均属逐飞科技所有，未经允许不得用于商业用途，
    8           * 欢迎各位使用并传播本程序，修改内容时必须保留逐飞科技的版权声明。
    9           *
   10           * @file          main
   11           * @company       成都逐飞科技有限公司
   12           * @author        逐飞科技(QQ790875685)
   13           * @version       查看doc内version文件 版本说明
   14           * @Software    MDK FOR C251 V5.60
   15           * @Target core   STC32G12K128
   16           * @Taobao      https://seekfree.taobao.com/
   17           * @date          2020-12-18
   18           ********************************************************************************************************
             -************/
   19          
   20          #include "headfile.h"
   21          
   22          
   23          /*
   24           * 系统频率，可查看board.h中的 FOSC 宏定义修改。
   25           * board.h文件中FOSC的值设置为0,则程序自动设置系统频率为33.1776MHZ
   26           * 在board_init中,已经将P54引脚设置为复位
   27           * 如果需要使用P54引脚,可以在board.c文件中的board_init()函数中删除SET_P54_RESRT即可
   28           */
   29          
   30          
   31          uint16 duty;
   32          void main()
   33          {
   34   1          board_init();     // 初始化寄存器,勿删除此句代码。
   35   1      
   36   1          // 此处编写用户代码 例如外设初始化代码等
   37   1          
   38   1          pwm_init(PWMB_CH2_P01, 17000, 0);     //初始化PWMB_CH2_P01  输出PWM频率17000HZ   占空比为百分之 pwm_dut
             -y / PWM_DUTY_MAX * 100
   39   1        
   40   1          // 此处编写用户代码 例如外设初始化代码等
   41   1      
   42   1          while(1)
   43   1          {
   44   2          // 此处编写需要循环执行的代码
   45   2          pwm_duty(PWMB_CH2_P01, duty);
   46   2          
   47   2          if(duty >= PWM_DUTY_MAX)
   48   2          {
   49   3            duty = 0;
   50   3          }
   51   2          duty += 100;
   52   2          
   53   2          delay_ms(10);
C251 COMPILER V5.60.0,  main                                                               22/11/24  19:31:33  PAGE 2   

   54   2              // 此处编写需要循环执行的代码
   55   2          }
   56   1      }
   57          
   58          


Module Information          Static   Overlayable
------------------------------------------------
  code size            =        75     ------
  ecode size           =    ------     ------
  data size            =    ------     ------
  idata size           =    ------     ------
  pdata size           =    ------     ------
  xdata size           =    ------     ------
  xdata-const size     =    ------     ------
  edata size           =         2     ------
  bit size             =    ------     ------
  ebit size            =    ------     ------
  bitaddressable size  =    ------     ------
  ebitaddressable size =    ------     ------
  far data size        =    ------     ------
  huge data size       =    ------     ------
  const size           =    ------     ------
  hconst size          =    ------     ------
End of Module Information.


C251 COMPILATION COMPLETE.  0 WARNING(S),  0 ERROR(S)
