C251 COMPILER V5.60.0,  main                                                               30/12/24  14:01:19  PAGE 1   


C251 COMPILER V5.60.0, COMPILATION OF MODULE main
OBJECT MODULE PLACED IN .\Out_File\main.obj
COMPILER INVOKED BY: C:\Keil_v5\C251\BIN\C251.EXE ..\USER\src\main.c LARGE WARNINGLEVEL(3) OPTIMIZE(0,SPEED) BROWSE INCD
                    -IR(..\..\Libraries\libraries;..\..\Libraries\seekfree_libraries;..\..\Libraries\seekfree_peripheral;..\CODE;..\USER\inc;
                    -..\USER\src;..\..\Libraries\seekfree_components;..\USER\inc;..\USER\src;..\MDK) DEBUG PRINT(.\Out_File\main.lst) TABS(2)
                    - OBJECT(.\Out_File\main.obj) 

stmt  level    source

    1          
    2          /********************************************************************************************************
             -*************
    3           * COPYRIGHT NOTICE
    4           * Copyright (c) 2020,逐飞科技
    5           * All rights reserved.
    6           * 技术讨论QQ群：一群：179029047(已满)  二群：244861897(已满)  三群：824575535
    7           *
    8           * 以下所有内容版权均属逐飞科技所有，未经允许不得用于商业用途，
    9           * 欢迎各位使用并传播本程序，修改内容时必须保留逐飞科技的版权声明。
   10           *
   11           * @file          main
   12           * @company       成都逐飞科技有限公司
   13           * @author        逐飞科技(QQ790875685)
   14           * @version       查看doc内version文件 版本说明
   15           * @Software    MDK FOR C251 V5.60
   16           * @Target core   STC32G12K128
   17           * @Taobao      https://seekfree.taobao.com/
   18           * @date          2020-12-18
   19           ********************************************************************************************************
             -************/
   20          
   21          #include "headfile.h"
   22          #include "control.h"
   23          #include "Menu.h"
   24          //extern uint8 Key_scan(int mode);
   25          
   26          
   27          
   28          
   29          
   30          
   31          
   32          
   33          /*
   34           * 系统频率，可查看board.h中的 FOSC 宏定义修改。
   35           * board.h文件中FOSC的值设置为0,则程序自动设置系统频率为33.1776MHZ
   36           * 在board_init中,已经将P54引脚设置为复位
   37           * 如果需要使用P54引脚,可以在board.c文件中的board_init()函数中删除SET_P54_RESRT即可
   38           */
   39          
   40          
   41          void main()
   42          {
   43   1          board_init();     // 初始化寄存器,勿删除此句代码。
   44   1          car_init();
   45   1          ////////////////////////////////////////***************测试区***************///////////////////////////
             -/////////////
   46   1          
   47   1      
   48   1        
   49   1        
   50   1      
   51   1      
   52   1        while(1)
   53   1        {
C251 COMPILER V5.60.0,  main                                                               30/12/24  14:01:19  PAGE 2   

   54   2          
   55   2      //    Key_testNum=key_scan(1);
   56   2      //    if(Key_testNum==1)
   57   2      //    lcd_showstr(0,0,"ssssssss");
   58   2       
   59   2      
   60   2      
   61   2            
   62   2          
   63   2            Screen_Control();
   64   2          
   65   2      //    key_process();
   66   2      //    lcd_choice_function();
   67   2      //    
   68   2          //led闪烁，测试代码运行
   69   2          P52 = !P52;
   70   2          
   71   2      
   72   2      
   73   2        }
   74   1      }
   75          
   76          


Module Information          Static   Overlayable
------------------------------------------------
  code size            =        21     ------
  ecode size           =    ------     ------
  data size            =    ------     ------
  idata size           =    ------     ------
  pdata size           =    ------     ------
  xdata size           =    ------     ------
  xdata-const size     =    ------     ------
  edata size           =    ------     ------
  bit size             =    ------     ------
  ebit size            =    ------     ------
  bitaddressable size  =    ------     ------
  ebitaddressable size =    ------     ------
  far data size        =    ------     ------
  huge data size       =    ------     ------
  const size           =    ------     ------
  hconst size          =    ------     ------
End of Module Information.


C251 COMPILATION COMPLETE.  0 WARNING(S),  0 ERROR(S)
