[2024-12-26 16:43:16] : Begin
--------------------
*MCUTYPE* : STC32G12K128
*FILENAME* : E:\git上的好代码\STC32G12K128_BLDC_Project\SEEKFREE_STC32G_BLDC\Project\MDK\Out_File\SEEKFREE.hex
*FILETIME* : 2024年12月26日, 16:43:06
*FILESIZE* : 35746 (0x008BA2)
*CODESIZE* : 77213 (0x012D9D)
*CHECKSUM* : 0x0109B9E4
*ISPMODE* : 2
*ISPRESULT* : 3
--------------------
[2024-12-26 16:43:45] : End
--------------------------------------------------
[2024-12-26 16:44:00] : Begin
--------------------
*MCUTYPE* : STC32G12K64
*FILENAME* : E:\git上的好代码\STC32G12K128_BLDC_Project\SEEKFREE_STC32G_BLDC\Project\MDK\Out_File\SEEKFREE.hex
*FILETIME* : 2024年12月26日, 16:43:06
*FILESIZE* : 35746 (0x008BA2)
*CODESIZE* : 12701 (0x00319D)
*CHECKSUM* : 0x000EB5E4
*ISPMODE* : 2
*ISPRESULT* : 3
--------------------
[2024-12-26 16:44:27] : End
--------------------------------------------------
[2024-12-26 16:46:22] : Begin
--------------------
*MCUTYPE* : STC32G12K64
*FILENAME* : E:\git上的好代码\STC32G12K128_BLDC_Project\SEEKFREE_STC32G_BLDC\Project\MDK\Out_File\SEEKFREE.hex
*FILETIME* : 2024年12月26日, 16:43:06
*FILESIZE* : 35746 (0x008BA2)
*CODESIZE* : 12701 (0x00319D)
*CHECKSUM* : 0x000EB5E4
*ISPMODE* : 2
*ISPRESULT* : 3
--------------------
[2024-12-26 16:46:52] : End
--------------------------------------------------
[2024-12-26 16:48:26] : Begin
--------------------
*MCUTYPE* : STC32G12K64
*FILENAME* : E:\git上的好代码\STC32G12K128_BLDC_Project\SEEKFREE_STC32G_BLDC\Project\MDK\Out_File\SEEKFREE.hex
*FILETIME* : 2024年12月26日, 16:43:06
*FILESIZE* : 35746 (0x008BA2)
*CODESIZE* : 12701 (0x00319D)
*CHECKSUM* : 0x000EB5E4
*ISPMODE* : 2
*ISPRESULT* : 3
--------------------
[2024-12-26 16:48:37] : End
--------------------------------------------------
[2024-12-26 16:51:38] : Begin
--------------------
*MCUTYPE* : STC32G12K64
*FILENAME* : E:\git上的好代码\STC32G12K128_BLDC_Project\SEEKFREE_STC32G_BLDC\Project\MDK\Out_File\SEEKFREE.hex
*FILETIME* : 2024年12月26日, 16:43:06
*FILESIZE* : 35746 (0x008BA2)
*CODESIZE* : 12701 (0x00319D)
*CHECKSUM* : 0x000EB5E4
*ISPMODE* : 2
*ISPRESULT* : 3
--------------------
[2024-12-26 16:52:00] : End
--------------------------------------------------
[2024-12-26 17:11:14] : Begin
--------------------
*MCUTYPE* : STC32G12K64
*FILENAME* : E:\git上的好代码\STC32G12K128_BLDC_Project\SEEKFREE_STC32G_BLDC\Project\MDK\Out_File\SEEKFREE.hex
*FILETIME* : 2024年12月26日, 16:43:06
*FILESIZE* : 35746 (0x008BA2)
*CODESIZE* : 12701 (0x00319D)
*CHECKSUM* : 0x000EB5E4
*ISPMODE* : 2
*ISPRESULT* : 3
--------------------
[2024-12-26 17:11:28] : End
--------------------------------------------------
[2024-12-26 17:11:35] : Begin
--------------------
*MCUTYPE* : STC32G12K128
*MCUID* : F7E3CAB002A663
*FILENAME* : E:\git上的好代码\STC32G12K128_BLDC_Project\SEEKFREE_STC32G_BLDC\Project\MDK\Out_File\SEEKFREE.hex
*FILETIME* : 2024年12月26日, 16:43:06
*FILESIZE* : 35746 (0x008BA2)
*CODESIZE* : 77213 (0x012D9D)
*CHECKSUM* : 0x0109B9E4
*ISPMODE* : 2
*ISPRESULT* : 0
--------------------
[2024-12-26 17:12:08] : End
--------------------------------------------------
[2024-12-26 17:12:17] : Begin
--------------------
*MCUTYPE* : STC32G12K128
*MCUID* : F7E3CAB002A663
*FILENAME* : E:\git上的好代码\STC32G12K128_BLDC_Project\SEEKFREE_STC32G_BLDC\Project\MDK\Out_File\SEEKFREE.hex
*FILETIME* : 2024年12月26日, 16:43:06
*FILESIZE* : 35746 (0x008BA2)
*CODESIZE* : 77213 (0x012D9D)
*CHECKSUM* : 0x0109B9E4
*ISPMODE* : 2
*ISPRESULT* : 0
--------------------
[2024-12-26 17:12:29] : End
--------------------------------------------------
[2024-12-26 17:13:13] : Begin
--------------------
*MCUTYPE* : STC32G12K128
*MCUID* : F7E3CAB002A663
*FILENAME* : E:\git上的好代码\STC32G12K128_BLDC_Project\SEEKFREE_STC32G_BLDC\Project\MDK\Out_File\SEEKFREE.hex
*FILETIME* : 2024年12月26日, 16:43:06
*FILESIZE* : 35746 (0x008BA2)
*CODESIZE* : 77213 (0x012D9D)
*CHECKSUM* : 0x0109B9E4
*ISPMODE* : 2
*ISPRESULT* : 0
--------------------
[2024-12-26 17:13:24] : End
--------------------------------------------------
[2024-12-26 17:17:56] : Begin
--------------------
*MCUTYPE* : STC32G12K128
*FILENAME* : E:\git上的好代码\STC32G12K128_BLDC_Project\SEEKFREE_STC32G_BLDC\Project\MDK\Out_File\SEEKFREE.hex
*FILETIME* : 2024年12月26日, 17:17:15
*FILESIZE* : 35746 (0x008BA2)
*CODESIZE* : 77213 (0x012D9D)
*CHECKSUM* : 0x0109B9E4
*ISPMODE* : 2
*ISPRESULT* : 3
--------------------
[2024-12-26 17:18:22] : End
--------------------------------------------------
[2024-12-26 17:18:26] : Begin
--------------------
*MCUTYPE* : STC32G12K128
*MCUID* : F7E3CAB002A663
*FILENAME* : E:\git上的好代码\STC32G12K128_BLDC_Project\SEEKFREE_STC32G_BLDC\Project\MDK\Out_File\SEEKFREE.hex
*FILETIME* : 2024年12月26日, 17:17:15
*FILESIZE* : 35746 (0x008BA2)
*CODESIZE* : 77213 (0x012D9D)
*CHECKSUM* : 0x0109B9E4
*ISPMODE* : 2
*ISPRESULT* : 0
--------------------
[2024-12-26 17:18:37] : End
--------------------------------------------------
[2024-12-26 17:22:11] : Begin
--------------------
*MCUTYPE* : STC32G12K128
*FILENAME* : C:\Users\yhy\Desktop\SEEKFREE.hex
*FILETIME* : 2024年11月29日, 20:48:00
*FILESIZE* : 35746 (0x008BA2)
*CODESIZE* : 12701 (0x00319D)
*CHECKSUM* : 0x000EB5E4
*ISPMODE* : 1
*ISPRESULT* : 5
--------------------
[2024-12-26 17:22:14] : End
--------------------------------------------------
[2024-12-26 17:22:40] : Begin
--------------------
*MCUTYPE* : STC32G12K64
*FILENAME* : C:\Users\yhy\Desktop\SEEKFREE.hex
*FILETIME* : 2024年11月29日, 20:48:00
*FILESIZE* : 35746 (0x008BA2)
*CODESIZE* : 12701 (0x00319D)
*CHECKSUM* : 0x000EB5E4
*ISPMODE* : 2
*ISPRESULT* : 3
--------------------
[2024-12-26 17:22:50] : End
--------------------------------------------------
[2024-12-26 17:22:54] : Begin
--------------------
*MCUTYPE* : STC32G12K64
*FILENAME* : C:\Users\yhy\Desktop\SEEKFREE.hex
*FILETIME* : 2024年11月29日, 20:48:00
*FILESIZE* : 35746 (0x008BA2)
*CODESIZE* : 12701 (0x00319D)
*CHECKSUM* : 0x000EB5E4
*ISPMODE* : 2
*ISPRESULT* : 3
--------------------
[2024-12-26 17:23:05] : End
--------------------------------------------------
[2024-12-26 17:23:12] : Begin
--------------------
*MCUTYPE* : STC32G12K128
*FILENAME* : C:\Users\yhy\Desktop\SEEKFREE.hex
*FILETIME* : 2024年11月29日, 20:48:00
*FILESIZE* : 35746 (0x008BA2)
*CODESIZE* : 12701 (0x00319D)
*CHECKSUM* : 0x000EB5E4
*ISPMODE* : 2
*ISPRESULT* : 4
--------------------
[2024-12-26 17:23:15] : End
--------------------------------------------------
[2024-12-26 17:50:42] : Begin
--------------------
*MCUTYPE* : STC32G12K128
*MCUID* : F7E3CAB002A663
*FILENAME* : C:\Users\yhy\Desktop\SEEKFREE.hex
*FILETIME* : 2024年11月29日, 20:48:00
*FILESIZE* : 35746 (0x008BA2)
*CODESIZE* : 77213 (0x012D9D)
*CHECKSUM* : 0x0109B9E4
*ISPMODE* : 2
*ISPRESULT* : 0
--------------------
[2024-12-26 17:50:53] : End
--------------------------------------------------
