[2024-12-18 18:21:17] : Begin
--------------------
*MCUTYPE* : AI8051U-34K64
*MCUID* : 78B4CA6A041D83
*FILENAME* : E:\github仓库\dianciSmartcar\其他\STCAI8051U_Library\STCAI8051U_Library\Seekfree_AI8051U_Opensource_Library\project\mdk\out_file\SEEKFREE.hex
*FILETIME* : 2024年12月18日, 18:20:25
*FILESIZE* : 84811 (0x014B4B)
*CODESIZE* : 30183 (0x0075E7)
*CHECKSUM* : 0x00246362
*ISPMODE* : 2
*ISPRESULT* : 0
--------------------
[2024-12-18 18:21:44] : End
--------------------------------------------------
[2024-12-18 18:41:22] : Begin
--------------------
*MCUTYPE* : AI8051U-34K64
*MCUID* : 78B4CA6A041D83
*FILENAME* : E:\github仓库\dianciSmartcar\其他\STCAI8051U_Library\STCAI8051U_Library\Seekfree_AI8051U_Opensource_Library\project\mdk\out_file\SEEKFREE.hex
*FILETIME* : 2024年12月18日, 18:41:08
*FILESIZE* : 104267 (0x01974B)
*CODESIZE* : 37088 (0x0090E0)
*CHECKSUM* : 0x002CFA5F
*ISPMODE* : 2
*ISPRESULT* : 3
--------------------
[2024-12-18 18:41:28] : End
--------------------------------------------------
[2024-12-18 18:41:41] : Begin
--------------------
*MCUTYPE* : AI8051U-34K64
*MCUID* : 78B4CA6A041D83
*FILENAME* : C:\Users\yhy\Desktop\Seekfree_AI8051U_Opensource_Library\project\mdk\out_file\SEEKFREE.hex
*FILETIME* : 2024年12月18日, 18:21:56
*FILESIZE* : 84789 (0x014B35)
*CODESIZE* : 30181 (0x0075E5)
*CHECKSUM* : 0x00246A4C
*ISPMODE* : 2
*ISPRESULT* : 0
--------------------
[2024-12-18 18:42:08] : End
--------------------------------------------------
[2024-12-18 18:43:20] : Begin
--------------------
*MCUTYPE* : AI8051U-34K64
*MCUID* : 78B4CA6A041D83
*FILENAME* : E:\github仓库\dianciSmartcar\其他\STCAI8051U_Library\STCAI8051U_Library\Seekfree_AI8051U_Opensource_Library\project\mdk\out_file\SEEKFREE.hex
*FILETIME* : 2024年12月18日, 18:41:08
*FILESIZE* : 104267 (0x01974B)
*CODESIZE* : 37088 (0x0090E0)
*CHECKSUM* : 0x002CFA5F
*ISPMODE* : 2
*ISPRESULT* : 0
--------------------
[2024-12-18 18:43:53] : End
--------------------------------------------------
[2024-12-18 18:46:03] : Begin
--------------------
*MCUTYPE* : AI8051U-34K64
*MCUID* : 78B4CA6A041D83
*FILENAME* : E:\github仓库\dianciSmartcar\其他\STCAI8051U_Library\STCAI8051U_Library\Seekfree_AI8051U_Opensource_Library\project\mdk\out_file\SEEKFREE.hex
*FILETIME* : 2024年12月18日, 18:45:59
*FILESIZE* : 104228 (0x019724)
*CODESIZE* : 37088 (0x0090E0)
*CHECKSUM* : 0x002CFA5F
*ISPMODE* : 2
*ISPRESULT* : 0
--------------------
[2024-12-18 18:46:36] : End
--------------------------------------------------
[2024-12-18 18:50:28] : Begin
--------------------
*MCUTYPE* : AI8051U-34K64
*MCUID* : 78B4CA6A041D83
*FILENAME* : E:\github仓库\dianciSmartcar\其他\STCAI8051U_Library\STCAI8051U_Library\Seekfree_AI8051U_Opensource_Library\project\mdk\out_file\SEEKFREE.hex
*FILETIME* : 2024年12月18日, 18:50:22
*FILESIZE* : 104422 (0x0197E6)
*CODESIZE* : 37075 (0x0090D3)
*CHECKSUM* : 0x002CFD1A
*ISPMODE* : 2
*ISPRESULT* : 0
--------------------
[2024-12-18 18:51:00] : End
--------------------------------------------------
[2024-12-18 18:53:06] : Begin
--------------------
*MCUTYPE* : AI8051U-34K64
*MCUID* : 78B4CA6A041D83
*FILENAME* : E:\github仓库\dianciSmartcar\其他\STCAI8051U_Library\STCAI8051U_Library\Seekfree_AI8051U_Opensource_Library\project\mdk\out_file\SEEKFREE.hex
*FILETIME* : 2024年12月18日, 18:53:02
*FILESIZE* : 104416 (0x0197E0)
*CODESIZE* : 37145 (0x009119)
*CHECKSUM* : 0x002D1784
*ISPMODE* : 2
*ISPRESULT* : 0
--------------------
[2024-12-18 18:53:38] : End
--------------------------------------------------
[2024-12-18 18:55:06] : Begin
--------------------
*MCUTYPE* : AI8051U-34K64
*MCUID* : 78B4CA6A041D83
*FILENAME* : E:\github仓库\dianciSmartcar\其他\STCAI8051U_Library\STCAI8051U_Library\Seekfree_AI8051U_Opensource_Library\project\mdk\out_file\SEEKFREE.hex
*FILETIME* : 2024年12月18日, 18:55:01
*FILESIZE* : 104594 (0x019892)
*CODESIZE* : 37142 (0x009116)
*CHECKSUM* : 0x002D140B
*ISPMODE* : 2
*ISPRESULT* : 0
--------------------
[2024-12-18 18:55:38] : End
--------------------------------------------------
[2024-12-18 18:56:16] : Begin
--------------------
*MCUTYPE* : AI8051U-34K64
*MCUID* : 78B4CA6A041D83
*FILENAME* : E:\github仓库\dianciSmartcar\其他\STCAI8051U_Library\STCAI8051U_Library\Seekfree_AI8051U_Opensource_Library\project\mdk\out_file\SEEKFREE.hex
*FILETIME* : 2024年12月18日, 18:56:14
*FILESIZE* : 104635 (0x0198BB)
*CODESIZE* : 37205 (0x009155)
*CHECKSUM* : 0x002D07A9
*ISPMODE* : 2
*ISPRESULT* : 0
--------------------
[2024-12-18 18:56:49] : End
--------------------------------------------------
[2024-12-18 19:13:31] : Begin
--------------------
*MCUTYPE* : AI8051U-34K64
*MCUID* : 78B4CA6A041D83
*FILENAME* : E:\github仓库\dianciSmartcar\其他\STCAI8051U_Library\STCAI8051U_Library\Seekfree_AI8051U_Opensource_Library\project\mdk\out_file\SEEKFREE.hex
*FILETIME* : 2024年12月18日, 19:13:26
*FILESIZE* : 93476 (0x016D24)
*CODESIZE* : 37219 (0x009163)
*CHECKSUM* : 0x002D092D
*ISPMODE* : 2
*ISPRESULT* : 0
--------------------
[2024-12-18 19:14:00] : End
--------------------------------------------------
[2024-12-18 19:15:22] : Begin
--------------------
*MCUTYPE* : AI8051U-34K64
*MCUID* : 78B4CA6A041D83
*FILENAME* : E:\github仓库\dianciSmartcar\其他\STCAI8051U_Library\STCAI8051U_Library\Seekfree_AI8051U_Opensource_Library\project\mdk\out_file\SEEKFREE.hex
*FILETIME* : 2024年12月18日, 19:15:18
*FILESIZE* : 93476 (0x016D24)
*CODESIZE* : 33263 (0x0081EF)
*CHECKSUM* : 0x0026D96F
*ISPMODE* : 2
*ISPRESULT* : 0
--------------------
[2024-12-18 19:15:50] : End
--------------------------------------------------
[2024-12-18 19:16:51] : Begin
--------------------
*MCUTYPE* : AI8051U-34K64
*MCUID* : 78B4CA6A041D83
*FILENAME* : E:\github仓库\dianciSmartcar\其他\STCAI8051U_Library\STCAI8051U_Library\Seekfree_AI8051U_Opensource_Library\project\mdk\out_file\SEEKFREE.hex
*FILETIME* : 2024年12月18日, 19:16:48
*FILESIZE* : 93476 (0x016D24)
*CODESIZE* : 33263 (0x0081EF)
*CHECKSUM* : 0x0026D96E
*ISPMODE* : 2
*ISPRESULT* : 0
--------------------
[2024-12-18 19:17:21] : End
--------------------------------------------------
[2024-12-18 19:18:43] : Begin
--------------------
*MCUTYPE* : AI8051U-34K64
*MCUID* : 78B4CA6A041D83
*FILENAME* : E:\github仓库\dianciSmartcar\其他\STCAI8051U_Library\STCAI8051U_Library\Seekfree_AI8051U_Opensource_Library\project\mdk\out_file\SEEKFREE.hex
*FILETIME* : 2024年12月18日, 19:18:41
*FILESIZE* : 93404 (0x016CDC)
*CODESIZE* : 33263 (0x0081EF)
*CHECKSUM* : 0x0026D96D
*ISPMODE* : 2
*ISPRESULT* : 0
--------------------
[2024-12-18 19:19:13] : End
--------------------------------------------------
[2024-12-18 19:20:13] : Begin
--------------------
*MCUTYPE* : AI8051U-34K64
*MCUID* : 78B4CA6A041D83
*FILENAME* : E:\github仓库\dianciSmartcar\其他\STCAI8051U_Library\STCAI8051U_Library\Seekfree_AI8051U_Opensource_Library\project\mdk\out_file\SEEKFREE.hex
*FILETIME* : 2024年12月18日, 19:20:12
*FILESIZE* : 93289 (0x016C69)
*CODESIZE* : 33240 (0x0081D8)
*CHECKSUM* : 0x0026EE3B
*ISPMODE* : 2
*ISPRESULT* : 0
--------------------
[2024-12-18 19:20:43] : End
--------------------------------------------------
[2024-12-18 19:21:50] : Begin
--------------------
*MCUTYPE* : AI8051U-34K64
*MCUID* : 78B4CA6A041D83
*FILENAME* : E:\github仓库\dianciSmartcar\其他\STCAI8051U_Library\STCAI8051U_Library\Seekfree_AI8051U_Opensource_Library\project\mdk\out_file\SEEKFREE.hex
*FILETIME* : 2024年12月18日, 19:21:41
*FILESIZE* : 93230 (0x016C2E)
*CODESIZE* : 33210 (0x0081BA)
*CHECKSUM* : 0x0026F51D
*ISPMODE* : 2
*ISPRESULT* : 0
--------------------
[2024-12-18 19:22:20] : End
--------------------------------------------------
[2024-12-18 20:06:33] : Begin
--------------------
*MCUTYPE* : AI8051U-34K64
*MCUID* : 78B4CA6A041D83
*FILENAME* : E:\github仓库\dianciSmartcar\其他\STCAI8051U_Library\STCAI8051U_Library\Example\E08_flash_demo\mdk\out_file\SEEKFREE.hex
*FILETIME* : 2024年12月18日, 20:06:29
*FILESIZE* : 75551 (0x01271F)
*CODESIZE* : 33187 (0x0081A3)
*CHECKSUM* : 0x002447E9
*ISPMODE* : 2
*ISPRESULT* : 0
--------------------
[2024-12-18 20:07:02] : End
--------------------------------------------------
[2024-12-18 20:09:44] : Begin
--------------------
*MCUTYPE* : AI8051U-34K64
*MCUID* : 78B4CA6A041D83
*FILENAME* : E:\github仓库\dianciSmartcar\其他\STCAI8051U_Library\STCAI8051U_Library\Example\E08_flash_demo\mdk\out_file\SEEKFREE.hex
*FILETIME* : 2024年12月18日, 20:06:29
*FILESIZE* : 75551 (0x01271F)
*CODESIZE* : 33187 (0x0081A3)
*CHECKSUM* : 0x002447E9
*ISPMODE* : 2
*ISPRESULT* : 0
--------------------
[2024-12-18 20:10:14] : End
--------------------------------------------------
[2024-12-18 20:24:59] : Begin
--------------------
*MCUTYPE* : AI8051U-34K64
*MCUID* : 78B4CA6A041D83
*FILENAME* : E:\github仓库\dianciSmartcar\其他\STCAI8051U_Library\STCAI8051U_Library\Seekfree_AI8051U_Opensource_Library\project\mdk\out_file\SEEKFREE.hex
*FILETIME* : 2024年12月18日, 20:24:12
*FILESIZE* : 93230 (0x016C2E)
*CODESIZE* : 33187 (0x0081A3)
*CHECKSUM* : 0x0026F6E4
*ISPMODE* : 2
*ISPRESULT* : 0
--------------------
[2024-12-18 20:25:29] : End
--------------------------------------------------
[2024-12-18 20:30:30] : Begin
--------------------
*MCUTYPE* : AI8051U-34K64
*MCUID* : 78B4CA6A041D83
*FILENAME* : E:\github仓库\dianciSmartcar\其他\STCAI8051U_Library\STCAI8051U_Library\Seekfree_AI8051U_Opensource_Library\project\mdk\out_file\SEEKFREE.hex
*FILETIME* : 2024年12月18日, 20:30:20
*FILESIZE* : 109681 (0x01AC71)
*CODESIZE* : 39015 (0x009867)
*CHECKSUM* : 0x002DD69B
*ISPMODE* : 2
*ISPRESULT* : 0
--------------------
[2024-12-18 20:31:05] : End
--------------------------------------------------
[2024-12-18 20:35:10] : Begin
--------------------
*MCUTYPE* : AI8051U-34K64
*MCUID* : 78B4CA6A041D83
*FILENAME* : E:\github仓库\dianciSmartcar\其他\STCAI8051U_Library\STCAI8051U_Library\Seekfree_AI8051U_Opensource_Library\project\mdk\out_file\SEEKFREE.hex
*FILETIME* : 2024年12月18日, 20:34:55
*FILESIZE* : 109710 (0x01AC8E)
*CODESIZE* : 39015 (0x009867)
*CHECKSUM* : 0x002DD69B
*ISPMODE* : 2
*ISPRESULT* : 3
--------------------
[2024-12-18 20:35:21] : End
--------------------------------------------------
[2024-12-18 20:35:30] : Begin
--------------------
*MCUTYPE* : AI8051U-34K64
*MCUID* : 78B4CA6A041D83
*FILENAME* : E:\github仓库\dianciSmartcar\其他\STCAI8051U_Library\STCAI8051U_Library\Seekfree_AI8051U_Opensource_Library\project\mdk\out_file\SEEKFREE.hex
*FILETIME* : 2024年12月18日, 20:34:55
*FILESIZE* : 109710 (0x01AC8E)
*CODESIZE* : 39023 (0x00986F)
*CHECKSUM* : 0x002DDFDB
*ISPMODE* : 2
*ISPRESULT* : 0
--------------------
[2024-12-18 20:36:04] : End
--------------------------------------------------
[2024-12-18 20:37:42] : Begin
--------------------
*MCUTYPE* : AI8051U-34K64
*MCUID* : 78B4CA6A041D83
*FILENAME* : E:\github仓库\dianciSmartcar\其他\STCAI8051U_Library\STCAI8051U_Library\Seekfree_AI8051U_Opensource_Library\project\mdk\out_file\SEEKFREE.hex
*FILETIME* : 2024年12月18日, 20:37:38
*FILESIZE* : 109822 (0x01ACFE)
*CODESIZE* : 39023 (0x00986F)
*CHECKSUM* : 0x002DDFDB
*ISPMODE* : 2
*ISPRESULT* : 0
--------------------
[2024-12-18 20:38:17] : End
--------------------------------------------------
[2024-12-18 20:38:51] : Begin
--------------------
*MCUTYPE* : AI8051U-34K64
*MCUID* : 78B4CA6A041D83
*FILENAME* : E:\github仓库\dianciSmartcar\其他\STCAI8051U_Library\STCAI8051U_Library\Seekfree_AI8051U_Opensource_Library\project\mdk\out_file\SEEKFREE.hex
*FILETIME* : 2024年12月18日, 20:38:48
*FILESIZE* : 109822 (0x01ACFE)
*CODESIZE* : 39065 (0x009899)
*CHECKSUM* : 0x002DFA91
*ISPMODE* : 2
*ISPRESULT* : 0
--------------------
[2024-12-18 20:39:27] : End
--------------------------------------------------
[2024-12-18 20:41:14] : Begin
--------------------
*MCUTYPE* : AI8051U-34K64
*MCUID* : 78B4CA6A041D83
*FILENAME* : E:\github仓库\dianciSmartcar\其他\STCAI8051U_Library\STCAI8051U_Library\Seekfree_AI8051U_Opensource_Library\project\mdk\out_file\SEEKFREE.hex
*FILETIME* : 2024年12月18日, 20:41:07
*FILESIZE* : 109857 (0x01AD21)
*CODESIZE* : 39076 (0x0098A4)
*CHECKSUM* : 0x002DE4A9
*ISPMODE* : 2
*ISPRESULT* : 0
--------------------
[2024-12-18 20:41:48] : End
--------------------------------------------------
[2024-12-18 20:42:29] : Begin
--------------------
*MCUTYPE* : AI8051U-34K64
*MCUID* : 78B4CA6A041D83
*FILENAME* : E:\github仓库\dianciSmartcar\其他\STCAI8051U_Library\STCAI8051U_Library\Seekfree_AI8051U_Opensource_Library\project\mdk\out_file\SEEKFREE.hex
*FILETIME* : 2024年12月18日, 20:42:24
*FILESIZE* : 109853 (0x01AD1D)
*CODESIZE* : 39076 (0x0098A4)
*CHECKSUM* : 0x002DE4A9
*ISPMODE* : 2
*ISPRESULT* : 0
--------------------
[2024-12-18 20:43:03] : End
--------------------------------------------------
[2024-12-18 20:45:29] : Begin
--------------------
*MCUTYPE* : AI8051U-34K64
*MCUID* : 78B4CA6A041D83
*FILENAME* : E:\github仓库\dianciSmartcar\其他\STCAI8051U_Library\STCAI8051U_Library\Seekfree_AI8051U_Opensource_Library\project\mdk\out_file\SEEKFREE.hex
*FILETIME* : 2024年12月18日, 20:45:23
*FILESIZE* : 109806 (0x01ACEE)
*CODESIZE* : 39074 (0x0098A2)
*CHECKSUM* : 0x002DE590
*ISPMODE* : 2
*ISPRESULT* : 0
--------------------
[2024-12-18 20:46:04] : End
--------------------------------------------------
[2024-12-18 20:47:59] : Begin
--------------------
*MCUTYPE* : AI8051U-34K64
*MCUID* : 78B4CA6A041D83
*FILENAME* : E:\github仓库\dianciSmartcar\其他\STCAI8051U_Library\STCAI8051U_Library\Seekfree_AI8051U_Opensource_Library\project\mdk\out_file\SEEKFREE.hex
*FILETIME* : 2024年12月18日, 20:47:57
*FILESIZE* : 109679 (0x01AC6F)
*CODESIZE* : 39057 (0x009891)
*CHECKSUM* : 0x002DF93B
*ISPMODE* : 2
*ISPRESULT* : 0
--------------------
[2024-12-18 20:48:34] : End
--------------------------------------------------
[2024-12-18 20:49:32] : Begin
--------------------
*MCUTYPE* : AI8051U-34K64
*MCUID* : 78B4CA6A041D83
*FILENAME* : E:\github仓库\dianciSmartcar\其他\STCAI8051U_Library\STCAI8051U_Library\Seekfree_AI8051U_Opensource_Library\project\mdk\out_file\SEEKFREE.hex
*FILETIME* : 2024年12月18日, 20:49:25
*FILESIZE* : 109689 (0x01AC79)
*CODESIZE* : 39014 (0x009866)
*CHECKSUM* : 0x002DD7BA
*ISPMODE* : 2
*ISPRESULT* : 0
--------------------
[2024-12-18 20:50:07] : End
--------------------------------------------------
[2024-12-18 20:51:38] : Begin
--------------------
*MCUTYPE* : AI8051U-34K64
*MCUID* : 78B4CA6A041D83
*FILENAME* : E:\github仓库\dianciSmartcar\其他\STCAI8051U_Library\STCAI8051U_Library\Seekfree_AI8051U_Opensource_Library\project\mdk\out_file\SEEKFREE.hex
*FILETIME* : 2024年12月18日, 20:51:33
*FILESIZE* : 93226 (0x016C2A)
*CODESIZE* : 39018 (0x00986A)
*CHECKSUM* : 0x002DDC08
*ISPMODE* : 2
*ISPRESULT* : 0
--------------------
[2024-12-18 20:52:09] : End
--------------------------------------------------
[2024-12-18 20:54:39] : Begin
--------------------
*MCUTYPE* : AI8051U-34K64
*FILENAME* : E:\github仓库\dianciSmartcar\其他\STCAI8051U_Library\STCAI8051U_Library\Seekfree_AI8051U_Opensource_Library\project\mdk\out_file\SEEKFREE.hex
*FILETIME* : 2024年12月18日, 20:54:33
*FILESIZE* : 94348 (0x01708C)
*CODESIZE* : 33185 (0x0081A1)
*CHECKSUM* : 0x0026F599
*ISPMODE* : 2
*ISPRESULT* : 3
--------------------
[2024-12-18 20:54:41] : End
--------------------------------------------------
[2024-12-18 20:54:45] : Begin
--------------------
*MCUTYPE* : AI8051U-34K64
*MCUID* : 78B4CA6A041D83
*FILENAME* : E:\github仓库\dianciSmartcar\其他\STCAI8051U_Library\STCAI8051U_Library\Seekfree_AI8051U_Opensource_Library\project\mdk\out_file\SEEKFREE.hex
*FILETIME* : 2024年12月18日, 20:54:33
*FILESIZE* : 94348 (0x01708C)
*CODESIZE* : 33561 (0x008319)
*CHECKSUM* : 0x00276BF4
*ISPMODE* : 2
*ISPRESULT* : 0
--------------------
[2024-12-18 20:55:16] : End
--------------------------------------------------
[2024-12-18 21:33:25] : Begin
--------------------
*MCUTYPE* : AI8051U-34K64
*MCUID* : 78B4CA6A041D83
*FILENAME* : E:\github仓库\dianciSmartcar\其他\STCAI8051U_Library\STCAI8051U_Library\Seekfree_AI8051U_Opensource_Library\project\mdk\out_file\SEEKFREE.hex
*FILETIME* : 2024年12月18日, 21:33:10
*FILESIZE* : 94367 (0x01709F)
*CODESIZE* : 33564 (0x00831C)
*CHECKSUM* : 0x0027705E
*ISPMODE* : 2
*ISPRESULT* : 0
--------------------
[2024-12-18 21:33:55] : End
--------------------------------------------------
[2024-12-18 22:53:33] : Begin
--------------------
*MCUTYPE* : AI8051U-34K64
*MCUID* : 78B4CA6A041D83
*FILENAME* : E:\github仓库\dianciSmartcar\其他\STCAI8051U_Library\STCAI8051U_Library\Seekfree_AI8051U_Opensource_Library\project\mdk\out_file\SEEKFREE.hex
*FILETIME* : 2024年12月18日, 22:53:09
*FILESIZE* : 118844 (0x01D03C)
*CODESIZE* : 42265 (0x00A519)
*CHECKSUM* : 0x0032EBEC
*ISPMODE* : 2
*ISPRESULT* : 0
--------------------
[2024-12-18 22:54:10] : End
--------------------------------------------------
[2024-12-18 22:56:20] : Begin
--------------------
*MCUTYPE* : AI8051U-34K64
*MCUID* : 78B4CA6A041D83
*FILENAME* : E:\github仓库\dianciSmartcar\其他\STCAI8051U_Library\STCAI8051U_Library\Seekfree_AI8051U_Opensource_Library\project\mdk\out_file\SEEKFREE.hex
*FILETIME* : 2024年12月18日, 22:56:19
*FILESIZE* : 94346 (0x01708A)
*CODESIZE* : 42265 (0x00A519)
*CHECKSUM* : 0x0032EBEC
*ISPMODE* : 2
*ISPRESULT* : 0
--------------------
[2024-12-18 22:56:58] : End
--------------------------------------------------
[2024-12-18 23:06:33] : Begin
--------------------
*MCUTYPE* : AI8051U-34K64
*MCUID* : 78B4CA6A041D83
*FILENAME* : E:\github仓库\dianciSmartcar\其他\STCAI8051U_Library\STCAI8051U_Library\Seekfree_AI8051U_Opensource_Library\project\mdk\out_file\SEEKFREE.hex
*FILETIME* : 2024年12月18日, 23:06:30
*FILESIZE* : 122109 (0x01DCFD)
*CODESIZE* : 42265 (0x00A519)
*CHECKSUM* : 0x002E8840
*ISPMODE* : 2
*ISPRESULT* : 0
--------------------
[2024-12-18 23:07:11] : End
--------------------------------------------------
[2024-12-18 23:09:13] : Begin
--------------------
*MCUTYPE* : AI8051U-34K64
*MCUID* : 78B4CA6A041D83
*FILENAME* : E:\github仓库\dianciSmartcar\其他\STCAI8051U_Library\STCAI8051U_Library\Seekfree_AI8051U_Opensource_Library\project\mdk\out_file\SEEKFREE.hex
*FILETIME* : 2024年12月18日, 23:09:09
*FILESIZE* : 122207 (0x01DD5F)
*CODESIZE* : 43424 (0x00A9A0)
*CHECKSUM* : 0x00341D0D
*ISPMODE* : 2
*ISPRESULT* : 0
--------------------
[2024-12-18 23:09:52] : End
--------------------------------------------------
[2024-12-18 23:27:18] : Begin
--------------------
*MCUTYPE* : AI8051U-34K64
*MCUID* : 78B4CA6A041D83
*FILENAME* : E:\github仓库\dianciSmartcar\其他\STCAI8051U_Library\STCAI8051U_Library\Seekfree_AI8051U_Opensource_Library\project\mdk\out_file\SEEKFREE.hex
*FILETIME* : 2024年12月18日, 23:27:14
*FILESIZE* : 122215 (0x01DD67)
*CODESIZE* : 43459 (0x00A9C3)
*CHECKSUM* : 0x00343568
*ISPMODE* : 2
*ISPRESULT* : 0
--------------------
[2024-12-18 23:27:57] : End
--------------------------------------------------
[2024-12-18 23:28:34] : Begin
--------------------
*MCUTYPE* : AI8051U-34K64
*MCUID* : 78B4CA6A041D83
*FILENAME* : E:\github仓库\dianciSmartcar\其他\STCAI8051U_Library\STCAI8051U_Library\Seekfree_AI8051U_Opensource_Library\project\mdk\out_file\SEEKFREE.hex
*FILETIME* : 2024年12月18日, 23:28:26
*FILESIZE* : 122215 (0x01DD67)
*CODESIZE* : 43463 (0x00A9C7)
*CHECKSUM* : 0x00342EF3
*ISPMODE* : 2
*ISPRESULT* : 0
--------------------
[2024-12-18 23:29:12] : End
--------------------------------------------------
[2024-12-18 23:33:56] : Begin
--------------------
*MCUTYPE* : AI8051U-34K64
*MCUID* : 78B4CA6A041D83
*FILENAME* : E:\github仓库\dianciSmartcar\其他\STCAI8051U_Library\STCAI8051U_Library\Seekfree_AI8051U_Opensource_Library\project\mdk\out_file\SEEKFREE.hex
*FILETIME* : 2024年12月18日, 23:33:51
*FILESIZE* : 122242 (0x01DD82)
*CODESIZE* : 43463 (0x00A9C7)
*CHECKSUM* : 0x00342EF7
*ISPMODE* : 2
*ISPRESULT* : 0
--------------------
[2024-12-18 23:34:33] : End
--------------------------------------------------
[2024-12-18 23:35:08] : Begin
--------------------
*MCUTYPE* : AI8051U-34K64
*MCUID* : 78B4CA6A041D83
*FILENAME* : E:\github仓库\dianciSmartcar\其他\STCAI8051U_Library\STCAI8051U_Library\Seekfree_AI8051U_Opensource_Library\project\mdk\out_file\SEEKFREE.hex
*FILETIME* : 2024年12月18日, 23:33:51
*FILESIZE* : 122242 (0x01DD82)
*CODESIZE* : 43470 (0x00A9CE)
*CHECKSUM* : 0x00342724
*ISPMODE* : 2
*ISPRESULT* : 0
--------------------
[2024-12-18 23:35:45] : End
--------------------------------------------------
[2024-12-18 23:35:58] : Begin
--------------------
*MCUTYPE* : AI8051U-34K64
*MCUID* : 78B4CA6A041D83
*FILENAME* : E:\github仓库\dianciSmartcar\其他\STCAI8051U_Library\STCAI8051U_Library\Seekfree_AI8051U_Opensource_Library\project\mdk\out_file\SEEKFREE.hex
*FILETIME* : 2024年12月18日, 23:33:51
*FILESIZE* : 122242 (0x01DD82)
*CODESIZE* : 43470 (0x00A9CE)
*CHECKSUM* : 0x00342724
*ISPMODE* : 2
*ISPRESULT* : 0
--------------------
[2024-12-18 23:36:35] : End
--------------------------------------------------
[2024-12-18 23:36:37] : Begin
--------------------
*MCUTYPE* : AI8051U-34K64
*MCUID* : 0C40D640FA412D
*FILENAME* : E:\github仓库\dianciSmartcar\其他\STCAI8051U_Library\STCAI8051U_Library\Seekfree_AI8051U_Opensource_Library\project\mdk\out_file\SEEKFREE.hex
*FILETIME* : 2024年12月18日, 23:33:51
*FILESIZE* : 122242 (0x01DD82)
*CODESIZE* : 43470 (0x00A9CE)
*CHECKSUM* : 0x00342724
*ISPMODE* : 2
*ISPRESULT* : 1
--------------------
[2024-12-18 23:36:41] : End
--------------------------------------------------
[2024-12-18 23:36:55] : Begin
--------------------
*MCUTYPE* : AI8051U-34K64
*MCUID* : 78B4CA6A041D83
*FILENAME* : E:\github仓库\dianciSmartcar\其他\STCAI8051U_Library\STCAI8051U_Library\Seekfree_AI8051U_Opensource_Library\project\mdk\out_file\SEEKFREE.hex
*FILETIME* : 2024年12月18日, 23:33:51
*FILESIZE* : 122242 (0x01DD82)
*CODESIZE* : 43470 (0x00A9CE)
*CHECKSUM* : 0x00342724
*ISPMODE* : 2
*ISPRESULT* : 0
--------------------
[2024-12-18 23:37:31] : End
--------------------------------------------------
[2024-12-18 23:39:17] : Begin
--------------------
*MCUTYPE* : AI8051U-34K64
*MCUID* : 78B4CA6A041D83
*FILENAME* : E:\github仓库\dianciSmartcar\其他\STCAI8051U_Library\STCAI8051U_Library\Seekfree_AI8051U_Opensource_Library\project\mdk\out_file\SEEKFREE.hex
*FILETIME* : 2024年12月18日, 23:33:51
*FILESIZE* : 122242 (0x01DD82)
*CODESIZE* : 43470 (0x00A9CE)
*CHECKSUM* : 0x00342724
*ISPMODE* : 2
*ISPRESULT* : 0
--------------------
[2024-12-18 23:39:55] : End
--------------------------------------------------
[2024-12-18 23:55:45] : Begin
--------------------
*MCUTYPE* : AI8051U-34K64
*MCUID* : 78B4CA6A041D83
*FILENAME* : E:\github仓库\dianciSmartcar\其他\STCAI8051U_Library\STCAI8051U_Library\Seekfree_AI8051U_Opensource_Library\project\mdk\out_file\SEEKFREE.hex
*FILETIME* : 2024年12月18日, 23:55:37
*FILESIZE* : 121849 (0x01DBF9)
*CODESIZE* : 43470 (0x00A9CE)
*CHECKSUM* : 0x00342724
*ISPMODE* : 2
*ISPRESULT* : 0
--------------------
[2024-12-18 23:56:22] : End
--------------------------------------------------
[2024-12-18 23:57:11] : Begin
--------------------
*MCUTYPE* : AI8051U-34K64
*MCUID* : 78B4CA6A041D83
*FILENAME* : E:\github仓库\dianciSmartcar\其他\STCAI8051U_Library\STCAI8051U_Library\Seekfree_AI8051U_Opensource_Library\project\mdk\out_file\SEEKFREE.hex
*FILETIME* : 2024年12月18日, 23:57:07
*FILESIZE* : 121849 (0x01DBF9)
*CODESIZE* : 43470 (0x00A9CE)
*CHECKSUM* : 0x00340072
*ISPMODE* : 2
*ISPRESULT* : 0
--------------------
[2024-12-18 23:57:48] : End
--------------------------------------------------
[2024-12-18 23:57:58] : Begin
--------------------
*MCUTYPE* : AI8051U-34K64
*MCUID* : 78B4CA6A041D83
*FILENAME* : E:\github仓库\dianciSmartcar\其他\STCAI8051U_Library\STCAI8051U_Library\Seekfree_AI8051U_Opensource_Library\project\mdk\out_file\SEEKFREE.hex
*FILETIME* : 2024年12月18日, 23:57:07
*FILESIZE* : 121849 (0x01DBF9)
*CODESIZE* : 43470 (0x00A9CE)
*CHECKSUM* : 0x00340074
*ISPMODE* : 2
*ISPRESULT* : 0
--------------------
[2024-12-18 23:58:36] : End
--------------------------------------------------
