[2024-12-19 00:05:37] : Begin
--------------------
*MCUTYPE* : AI8051U-34K64
*MCUID* : 78B4CA6A041D83
*FILENAME* : E:\github仓库\dianciSmartcar\其他\STCAI8051U_Library\STCAI8051U_Library\Seekfree_AI8051U_Opensource_Library\project\mdk\out_file\SEEKFREE.hex
*FILETIME* : 2024年12月19日, 00:05:35
*FILESIZE* : 122215 (0x01DD67)
*CODESIZE* : 43470 (0x00A9CE)
*CHECKSUM* : 0x00340074
*ISPMODE* : 2
*ISPRESULT* : 0
--------------------
[2024-12-19 00:06:15] : End
--------------------------------------------------
[2024-12-19 00:06:36] : Begin
--------------------
*MCUTYPE* : AI8051U-34K64
*MCUID* : 78B4CA6A041D83
*FILENAME* : E:\github仓库\dianciSmartcar\其他\STCAI8051U_Library\STCAI8051U_Library\Seekfree_AI8051U_Opensource_Library\project\mdk\out_file\SEEKFREE.hex
*FILETIME* : 2024年12月19日, 00:06:31
*FILESIZE* : 121835 (0x01DBEB)
*CODESIZE* : 43470 (0x00A9CE)
*CHECKSUM* : 0x00342F45
*ISPMODE* : 2
*ISPRESULT* : 0
--------------------
[2024-12-19 00:07:14] : End
--------------------------------------------------
[2024-12-19 00:20:21] : Begin
--------------------
*MCUTYPE* : AI8051U-34K64
*MCUID* : 78B4CA6A041D83
*FILENAME* : E:\github仓库\dianciSmartcar\其他\STCAI8051U_Library\STCAI8051U_Library\Seekfree_AI8051U_Opensource_Library\project\mdk\out_file\SEEKFREE.hex
*FILETIME* : 2024年12月19日, 00:20:15
*FILESIZE* : 122211 (0x01DD63)
*CODESIZE* : 43470 (0x00A9CE)
*CHECKSUM* : 0x003403AA
*ISPMODE* : 2
*ISPRESULT* : 0
--------------------
[2024-12-19 00:20:59] : End
--------------------------------------------------
[2024-12-19 00:23:20] : Begin
--------------------
*MCUTYPE* : AI8051U-34K64
*MCUID* : 78B4CA6A041D83
*FILENAME* : E:\github仓库\dianciSmartcar\其他\STCAI8051U_Library\STCAI8051U_Library\Seekfree_AI8051U_Opensource_Library\project\mdk\out_file\SEEKFREE.hex
*FILETIME* : 2024年12月19日, 00:23:17
*FILESIZE* : 122211 (0x01DD63)
*CODESIZE* : 43470 (0x00A9CE)
*CHECKSUM* : 0x00342F1A
*ISPMODE* : 2
*ISPRESULT* : 0
--------------------
[2024-12-19 00:23:59] : End
--------------------------------------------------
[2024-12-19 00:24:23] : Begin
--------------------
*MCUTYPE* : AI8051U-34K64
*MCUID* : 78B4CA6A041D83
*FILENAME* : E:\github仓库\dianciSmartcar\其他\STCAI8051U_Library\STCAI8051U_Library\Seekfree_AI8051U_Opensource_Library\project\mdk\out_file\SEEKFREE.hex
*FILETIME* : 2024年12月19日, 00:24:19
*FILESIZE* : 122238 (0x01DD7E)
*CODESIZE* : 43470 (0x00A9CE)
*CHECKSUM* : 0x00342F1A
*ISPMODE* : 2
*ISPRESULT* : 0
--------------------
[2024-12-19 00:25:02] : End
--------------------------------------------------
[2024-12-19 00:25:40] : Begin
--------------------
*MCUTYPE* : AI8051U-34K64
*MCUID* : 78B4CA6A041D83
*FILENAME* : E:\github仓库\dianciSmartcar\其他\STCAI8051U_Library\STCAI8051U_Library\Seekfree_AI8051U_Opensource_Library\project\mdk\out_file\SEEKFREE.hex
*FILETIME* : 2024年12月19日, 00:25:37
*FILESIZE* : 122238 (0x01DD7E)
*CODESIZE* : 43470 (0x00A9CE)
*CHECKSUM* : 0x00342F6C
*ISPMODE* : 2
*ISPRESULT* : 0
--------------------
[2024-12-19 00:26:17] : End
--------------------------------------------------
[2024-12-19 00:27:38] : Begin
--------------------
*MCUTYPE* : AI8051U-34K64
*MCUID* : 78B4CA6A041D83
*FILENAME* : E:\github仓库\dianciSmartcar\其他\STCAI8051U_Library\STCAI8051U_Library\Seekfree_AI8051U_Opensource_Library\project\mdk\out_file\SEEKFREE.hex
*FILETIME* : 2024年12月19日, 00:27:36
*FILESIZE* : 122297 (0x01DDB9)
*CODESIZE* : 43470 (0x00A9CE)
*CHECKSUM* : 0x00342F6F
*ISPMODE* : 2
*ISPRESULT* : 0
--------------------
[2024-12-19 00:28:16] : End
--------------------------------------------------
[2024-12-19 00:30:32] : Begin
--------------------
*MCUTYPE* : AI8051U-34K64
*MCUID* : 78B4CA6A041D83
*FILENAME* : E:\github仓库\dianciSmartcar\其他\STCAI8051U_Library\STCAI8051U_Library\Seekfree_AI8051U_Opensource_Library\project\mdk\out_file\SEEKFREE.hex
*FILETIME* : 2024年12月19日, 00:29:14
*FILESIZE* : 122283 (0x01DDAB)
*CODESIZE* : 43491 (0x00A9E3)
*CHECKSUM* : 0x003431AA
*ISPMODE* : 2
*ISPRESULT* : 0
--------------------
[2024-12-19 00:31:10] : End
--------------------------------------------------
[2024-12-19 00:33:35] : Begin
--------------------
*MCUTYPE* : AI8051U-34K64
*MCUID* : 78B4CA6A041D83
*FILENAME* : E:\github仓库\dianciSmartcar\其他\STCAI8051U_Library\STCAI8051U_Library\Seekfree_AI8051U_Opensource_Library\project\mdk\out_file\SEEKFREE.hex
*FILETIME* : 2024年12月19日, 00:33:33
*FILESIZE* : 122283 (0x01DDAB)
*CODESIZE* : 43491 (0x00A9E3)
*CHECKSUM* : 0x003431AA
*ISPMODE* : 2
*ISPRESULT* : 0
--------------------
[2024-12-19 00:34:13] : End
--------------------------------------------------
[2024-12-19 00:36:31] : Begin
--------------------
*MCUTYPE* : AI8051U-34K64
*MCUID* : 78B4CA6A041D83
*FILENAME* : E:\github仓库\dianciSmartcar\其他\STCAI8051U_Library\STCAI8051U_Library\Seekfree_AI8051U_Opensource_Library\project\mdk\out_file\SEEKFREE.hex
*FILETIME* : 2024年12月19日, 00:36:27
*FILESIZE* : 122303 (0x01DDBF)
*CODESIZE* : 43491 (0x00A9E3)
*CHECKSUM* : 0x003431AA
*ISPMODE* : 2
*ISPRESULT* : 0
--------------------
[2024-12-19 00:37:09] : End
--------------------------------------------------
[2024-12-19 00:37:28] : Begin
--------------------
*MCUTYPE* : AI8051U-34K64
*MCUID* : 78B4CA6A041D83
*FILENAME* : E:\github仓库\dianciSmartcar\其他\STCAI8051U_Library\STCAI8051U_Library\Seekfree_AI8051U_Opensource_Library\project\mdk\out_file\SEEKFREE.hex
*FILETIME* : 2024年12月19日, 00:36:27
*FILESIZE* : 122303 (0x01DDBF)
*CODESIZE* : 43494 (0x00A9E6)
*CHECKSUM* : 0x0034390C
*ISPMODE* : 2
*ISPRESULT* : 0
--------------------
[2024-12-19 00:38:06] : End
--------------------------------------------------
[2024-12-19 00:40:48] : Begin
--------------------
*MCUTYPE* : AI8051U-34K64
*MCUID* : 78B4CA6A041D83
*FILENAME* : E:\github仓库\dianciSmartcar\其他\STCAI8051U_Library\STCAI8051U_Library\Seekfree_AI8051U_Opensource_Library\project\mdk\out_file\SEEKFREE.hex
*FILETIME* : 2024年12月19日, 00:40:47
*FILESIZE* : 122303 (0x01DDBF)
*CODESIZE* : 43494 (0x00A9E6)
*CHECKSUM* : 0x0034390C
*ISPMODE* : 2
*ISPRESULT* : 0
--------------------
[2024-12-19 00:41:25] : End
--------------------------------------------------
[2024-12-19 00:42:37] : Begin
--------------------
*MCUTYPE* : AI8051U-34K64
*MCUID* : 78B4CA6A041D83
*FILENAME* : E:\github仓库\dianciSmartcar\其他\STCAI8051U_Library\STCAI8051U_Library\Seekfree_AI8051U_Opensource_Library\project\mdk\out_file\SEEKFREE.hex
*FILETIME* : 2024年12月19日, 00:42:35
*FILESIZE* : 122330 (0x01DDDA)
*CODESIZE* : 43494 (0x00A9E6)
*CHECKSUM* : 0x0034390C
*ISPMODE* : 2
*ISPRESULT* : 0
--------------------
[2024-12-19 00:43:15] : End
--------------------------------------------------
[2024-12-19 00:43:33] : Begin
--------------------
*MCUTYPE* : AI8051U-34K64
*MCUID* : 78B4CA6A041D83
*FILENAME* : E:\github仓库\dianciSmartcar\其他\STCAI8051U_Library\STCAI8051U_Library\Seekfree_AI8051U_Opensource_Library\project\mdk\out_file\SEEKFREE.hex
*FILETIME* : 2024年12月19日, 00:43:31
*FILESIZE* : 122131 (0x01DD13)
*CODESIZE* : 43494 (0x00A9E6)
*CHECKSUM* : 0x0034390C
*ISPMODE* : 2
*ISPRESULT* : 0
--------------------
[2024-12-19 00:44:11] : End
--------------------------------------------------
[2024-12-19 00:46:06] : Begin
--------------------
*MCUTYPE* : AI8051U-34K64
*MCUID* : 78B4CA6A041D83
*FILENAME* : E:\github仓库\dianciSmartcar\其他\STCAI8051U_Library\STCAI8051U_Library\Seekfree_AI8051U_Opensource_Library\project\mdk\out_file\SEEKFREE.hex
*FILETIME* : 2024年12月19日, 00:45:56
*FILESIZE* : 121941 (0x01DC55)
*CODESIZE* : 43494 (0x00A9E6)
*CHECKSUM* : 0x0034390C
*ISPMODE* : 2
*ISPRESULT* : 0
--------------------
[2024-12-19 00:46:44] : End
--------------------------------------------------
[2024-12-19 00:47:48] : Begin
--------------------
*MCUTYPE* : AI8051U-34K64
*MCUID* : 78B4CA6A041D83
*FILENAME* : E:\github仓库\dianciSmartcar\其他\STCAI8051U_Library\STCAI8051U_Library\Seekfree_AI8051U_Opensource_Library\project\mdk\out_file\SEEKFREE.hex
*FILETIME* : 2024年12月19日, 00:47:45
*FILESIZE* : 121929 (0x01DC49)
*CODESIZE* : 43494 (0x00A9E6)
*CHECKSUM* : 0x0034390C
*ISPMODE* : 2
*ISPRESULT* : 0
--------------------
[2024-12-19 00:48:26] : End
--------------------------------------------------
[2024-12-19 00:52:33] : Begin
--------------------
*MCUTYPE* : AI8051U-34K64
*MCUID* : 78B4CA6A041D83
*FILENAME* : E:\github仓库\dianciSmartcar\其他\STCAI8051U_Library\STCAI8051U_Library\Seekfree_AI8051U_Opensource_Library\project\mdk\out_file\SEEKFREE.hex
*FILETIME* : 2024年12月19日, 00:52:13
*FILESIZE* : 121413 (0x01DA45)
*CODESIZE* : 43494 (0x00A9E6)
*CHECKSUM* : 0x0034390C
*ISPMODE* : 2
*ISPRESULT* : 3
--------------------
[2024-12-19 00:53:33] : End
--------------------------------------------------
[2024-12-19 00:53:34] : Begin
--------------------
*MCUTYPE* : AI8051U-34K64
*MCUID* : 78B4CA6A041D83
*FILENAME* : E:\github仓库\dianciSmartcar\其他\STCAI8051U_Library\STCAI8051U_Library\Seekfree_AI8051U_Opensource_Library\project\mdk\out_file\SEEKFREE.hex
*FILETIME* : 2024年12月19日, 00:52:13
*FILESIZE* : 121413 (0x01DA45)
*CODESIZE* : 43494 (0x00A9E6)
*CHECKSUM* : 0x0034390C
*ISPMODE* : 2
*ISPRESULT* : 0
--------------------
[2024-12-19 00:54:11] : End
--------------------------------------------------
[2024-12-19 00:55:19] : Begin
--------------------
*MCUTYPE* : AI8051U-34K64
*MCUID* : 78B4CA6A041D83
*FILENAME* : E:\github仓库\dianciSmartcar\其他\STCAI8051U_Library\STCAI8051U_Library\Seekfree_AI8051U_Opensource_Library\project\mdk\out_file\SEEKFREE.hex
*FILETIME* : 2024年12月19日, 00:55:17
*FILESIZE* : 121309 (0x01D9DD)
*CODESIZE* : 43494 (0x00A9E6)
*CHECKSUM* : 0x0034390C
*ISPMODE* : 2
*ISPRESULT* : 0
--------------------
[2024-12-19 00:55:56] : End
--------------------------------------------------
[2024-12-19 00:56:40] : Begin
--------------------
*MCUTYPE* : AI8051U-34K64
*MCUID* : 78B4CA6A041D83
*FILENAME* : E:\github仓库\dianciSmartcar\其他\STCAI8051U_Library\STCAI8051U_Library\Seekfree_AI8051U_Opensource_Library\project\mdk\out_file\SEEKFREE.hex
*FILETIME* : 2024年12月19日, 00:56:37
*FILESIZE* : 96905 (0x017A89)
*CODESIZE* : 43494 (0x00A9E6)
*CHECKSUM* : 0x0034390C
*ISPMODE* : 2
*ISPRESULT* : 0
--------------------
[2024-12-19 00:57:19] : End
--------------------------------------------------
[2024-12-19 01:00:08] : Begin
--------------------
*MCUTYPE* : AI8051U-34K64
*MCUID* : 78B4CA6A041D83
*FILENAME* : E:\github仓库\dianciSmartcar\其他\STCAI8051U_Library\STCAI8051U_Library\Seekfree_AI8051U_Opensource_Library\project\mdk\out_file\SEEKFREE.hex
*FILETIME* : 2024年12月19日, 00:59:16
*FILESIZE* : 96905 (0x017A89)
*CODESIZE* : 34464 (0x0086A0)
*CHECKSUM* : 0x0027EAF6
*ISPMODE* : 2
*ISPRESULT* : 0
--------------------
[2024-12-19 01:00:39] : End
--------------------------------------------------
[2024-12-19 01:01:01] : Begin
--------------------
*MCUTYPE* : AI8051U-34K64
*MCUID* : 78B4CA6A041D83
*FILENAME* : E:\github仓库\dianciSmartcar\其他\STCAI8051U_Library\STCAI8051U_Library\Seekfree_AI8051U_Opensource_Library\project\mdk\out_file\SEEKFREE.hex
*FILETIME* : 2024年12月19日, 01:00:59
*FILESIZE* : 121309 (0x01D9DD)
*CODESIZE* : 34464 (0x0086A0)
*CHECKSUM* : 0x0027EAF6
*ISPMODE* : 2
*ISPRESULT* : 0
--------------------
[2024-12-19 01:01:32] : End
--------------------------------------------------
[2024-12-19 01:01:58] : Begin
--------------------
*MCUTYPE* : AI8051U-34K64
*MCUID* : 78B4CA6A041D83
*FILENAME* : E:\github仓库\dianciSmartcar\其他\STCAI8051U_Library\STCAI8051U_Library\Seekfree_AI8051U_Opensource_Library\project\mdk\out_file\SEEKFREE.hex
*FILETIME* : 2024年12月19日, 01:00:59
*FILESIZE* : 121309 (0x01D9DD)
*CODESIZE* : 43140 (0x00A884)
*CHECKSUM* : 0x00338F77
*ISPMODE* : 2
*ISPRESULT* : 0
--------------------
[2024-12-19 01:02:36] : End
--------------------------------------------------
[2024-12-19 01:02:51] : Begin
--------------------
*MCUTYPE* : AI8051U-34K64
*MCUID* : 78B4CA6A041D83
*FILENAME* : E:\github仓库\dianciSmartcar\其他\STCAI8051U_Library\STCAI8051U_Library\Seekfree_AI8051U_Opensource_Library\project\mdk\out_file\SEEKFREE.hex
*FILETIME* : 2024年12月19日, 01:00:59
*FILESIZE* : 121309 (0x01D9DD)
*CODESIZE* : 43140 (0x00A884)
*CHECKSUM* : 0x00338F77
*ISPMODE* : 2
*ISPRESULT* : 0
--------------------
[2024-12-19 01:03:28] : End
--------------------------------------------------
[2024-12-19 01:04:47] : Begin
--------------------
*MCUTYPE* : AI8051U-34K64
*MCUID* : 78B4CA6A041D83
*FILENAME* : E:\github仓库\dianciSmartcar\其他\STCAI8051U_Library\STCAI8051U_Library\Seekfree_AI8051U_Opensource_Library\project\mdk\out_file\SEEKFREE.hex
*FILETIME* : 2024年12月19日, 01:00:59
*FILESIZE* : 121309 (0x01D9DD)
*CODESIZE* : 43140 (0x00A884)
*CHECKSUM* : 0x00338F77
*ISPMODE* : 2
*ISPRESULT* : 0
--------------------
[2024-12-19 01:05:24] : End
--------------------------------------------------
[2024-12-19 01:05:39] : Begin
--------------------
*MCUTYPE* : AI8051U-34K64
*MCUID* : 78B4CA6A041D83
*FILENAME* : E:\github仓库\dianciSmartcar\其他\STCAI8051U_Library\STCAI8051U_Library\Seekfree_AI8051U_Opensource_Library\project\mdk\out_file\SEEKFREE.hex
*FILETIME* : 2024年12月19日, 01:05:16
*FILESIZE* : 121413 (0x01DA45)
*CODESIZE* : 43140 (0x00A884)
*CHECKSUM* : 0x00338F77
*ISPMODE* : 2
*ISPRESULT* : 0
--------------------
[2024-12-19 01:06:17] : End
--------------------------------------------------
[2024-12-19 01:07:16] : Begin
--------------------
*MCUTYPE* : AI8051U-34K64
*MCUID* : 78B4CA6A041D83
*FILENAME* : E:\github仓库\dianciSmartcar\其他\STCAI8051U_Library\STCAI8051U_Library\Seekfree_AI8051U_Opensource_Library\project\mdk\out_file\SEEKFREE.hex
*FILETIME* : 2024年12月19日, 01:06:50
*FILESIZE* : 121413 (0x01DA45)
*CODESIZE* : 43179 (0x00A8AB)
*CHECKSUM* : 0x0033C1E9
*ISPMODE* : 2
*ISPRESULT* : 0
--------------------
[2024-12-19 01:07:54] : End
--------------------------------------------------
[2024-12-19 01:08:28] : Begin
--------------------
*MCUTYPE* : AI8051U-34K64
*MCUID* : 78B4CA6A041D83
*FILENAME* : E:\github仓库\dianciSmartcar\其他\STCAI8051U_Library\STCAI8051U_Library\Seekfree_AI8051U_Opensource_Library\project\mdk\out_file\SEEKFREE.hex
*FILETIME* : 2024年12月19日, 01:08:23
*FILESIZE* : 121438 (0x01DA5E)
*CODESIZE* : 43179 (0x00A8AB)
*CHECKSUM* : 0x0033C1E9
*ISPMODE* : 2
*ISPRESULT* : 0
--------------------
[2024-12-19 01:09:06] : End
--------------------------------------------------
[2024-12-19 01:09:28] : Begin
--------------------
*MCUTYPE* : AI8051U-34K64
*MCUID* : 78B4CA6A041D83
*FILENAME* : E:\github仓库\dianciSmartcar\其他\STCAI8051U_Library\STCAI8051U_Library\Seekfree_AI8051U_Opensource_Library\project\mdk\out_file\SEEKFREE.hex
*FILETIME* : 2024年12月19日, 01:09:25
*FILESIZE* : 121413 (0x01DA45)
*CODESIZE* : 43179 (0x00A8AB)
*CHECKSUM* : 0x0033C185
*ISPMODE* : 2
*ISPRESULT* : 0
--------------------
[2024-12-19 01:10:06] : End
--------------------------------------------------
[2024-12-19 01:10:55] : Begin
--------------------
*MCUTYPE* : AI8051U-34K64
*MCUID* : 78B4CA6A041D83
*FILENAME* : E:\github仓库\dianciSmartcar\其他\STCAI8051U_Library\STCAI8051U_Library\Seekfree_AI8051U_Opensource_Library\project\mdk\out_file\SEEKFREE.hex
*FILETIME* : 2024年12月19日, 01:10:50
*FILESIZE* : 121452 (0x01DA6C)
*CODESIZE* : 43179 (0x00A8AB)
*CHECKSUM* : 0x0033C185
*ISPMODE* : 2
*ISPRESULT* : 0
--------------------
[2024-12-19 01:11:33] : End
--------------------------------------------------
[2024-12-19 01:12:21] : Begin
--------------------
*MCUTYPE* : AI8051U-34K64
*FILENAME* : E:\github仓库\dianciSmartcar\其他\STCAI8051U_Library\STCAI8051U_Library\Seekfree_AI8051U_Opensource_Library\project\mdk\out_file\SEEKFREE.hex
*FILETIME* : 2024年12月19日, 01:12:14
*FILESIZE* : 121452 (0x01DA6C)
*CODESIZE* : 43179 (0x00A8AB)
*CHECKSUM* : 0x0033C185
*ISPMODE* : 2
*ISPRESULT* : 3
--------------------
[2024-12-19 01:12:23] : End
--------------------------------------------------
[2024-12-19 01:12:27] : Begin
--------------------
*MCUTYPE* : AI8051U-34K64
*MCUID* : 78B4CA6A041D83
*FILENAME* : E:\github仓库\dianciSmartcar\其他\STCAI8051U_Library\STCAI8051U_Library\Seekfree_AI8051U_Opensource_Library\project\mdk\out_file\SEEKFREE.hex
*FILETIME* : 2024年12月19日, 01:12:14
*FILESIZE* : 121452 (0x01DA6C)
*CODESIZE* : 43192 (0x00A8B8)
*CHECKSUM* : 0x0033CD60
*ISPMODE* : 2
*ISPRESULT* : 0
--------------------
[2024-12-19 01:13:05] : End
--------------------------------------------------
[2024-12-19 01:14:09] : Begin
--------------------
*MCUTYPE* : AI8051U-34K64
*MCUID* : 78B4CA6A041D83
*FILENAME* : E:\github仓库\dianciSmartcar\其他\STCAI8051U_Library\STCAI8051U_Library\Seekfree_AI8051U_Opensource_Library\project\mdk\out_file\SEEKFREE.hex
*FILETIME* : 2024年12月19日, 01:14:03
*FILESIZE* : 121452 (0x01DA6C)
*CODESIZE* : 43192 (0x00A8B8)
*CHECKSUM* : 0x0033CD1B
*ISPMODE* : 2
*ISPRESULT* : 0
--------------------
[2024-12-19 01:14:47] : End
--------------------------------------------------
[2024-12-19 01:15:58] : Begin
--------------------
*MCUTYPE* : AI8051U-34K64
*MCUID* : 78B4CA6A041D83
*FILENAME* : E:\github仓库\dianciSmartcar\其他\STCAI8051U_Library\STCAI8051U_Library\Seekfree_AI8051U_Opensource_Library\project\mdk\out_file\SEEKFREE.hex
*FILETIME* : 2024年12月19日, 01:15:44
*FILESIZE* : 121452 (0x01DA6C)
*CODESIZE* : 43192 (0x00A8B8)
*CHECKSUM* : 0x0033CD1A
*ISPMODE* : 2
*ISPRESULT* : 0
--------------------
[2024-12-19 01:16:35] : End
--------------------------------------------------
[2024-12-19 01:19:28] : Begin
--------------------
*MCUTYPE* : AI8051U-34K64
*MCUID* : 78B4CA6A041D83
*FILENAME* : E:\github仓库\dianciSmartcar\其他\STCAI8051U_Library\STCAI8051U_Library\Seekfree_AI8051U_Opensource_Library\project\mdk\out_file\SEEKFREE.hex
*FILETIME* : 2024年12月19日, 01:19:19
*FILESIZE* : 121452 (0x01DA6C)
*CODESIZE* : 43192 (0x00A8B8)
*CHECKSUM* : 0x0033CD1B
*ISPMODE* : 2
*ISPRESULT* : 0
--------------------
[2024-12-19 01:20:06] : End
--------------------------------------------------
[2024-12-19 01:21:38] : Begin
--------------------
*MCUTYPE* : AI8051U-34K64
*MCUID* : 78B4CA6A041D83
*FILENAME* : E:\github仓库\dianciSmartcar\其他\STCAI8051U_Library\STCAI8051U_Library\Seekfree_AI8051U_Opensource_Library\project\mdk\out_file\SEEKFREE.hex
*FILETIME* : 2024年12月19日, 01:21:30
*FILESIZE* : 121354 (0x01DA0A)
*CODESIZE* : 43157 (0x00A895)
*CHECKSUM* : 0x0033A458
*ISPMODE* : 2
*ISPRESULT* : 0
--------------------
[2024-12-19 01:22:16] : End
--------------------------------------------------
[2024-12-19 01:24:57] : Begin
--------------------
*MCUTYPE* : AI8051U-34K64
*MCUID* : 78B4CA6A041D83
*FILENAME* : E:\github仓库\dianciSmartcar\其他\STCAI8051U_Library\STCAI8051U_Library\Seekfree_AI8051U_Opensource_Library\project\mdk\out_file\SEEKFREE.hex
*FILETIME* : 2024年12月19日, 01:24:30
*FILESIZE* : 121354 (0x01DA0A)
*CODESIZE* : 43157 (0x00A895)
*CHECKSUM* : 0x0033A458
*ISPMODE* : 2
*ISPRESULT* : 0
--------------------
[2024-12-19 01:25:34] : End
--------------------------------------------------
[2024-12-19 01:29:12] : Begin
--------------------
*MCUTYPE* : AI8051U-34K64
*MCUID* : 78B4CA6A041D83
*FILENAME* : E:\github仓库\dianciSmartcar\其他\STCAI8051U_Library\STCAI8051U_Library\Seekfree_AI8051U_Opensource_Library\project\mdk\out_file\SEEKFREE.hex
*FILETIME* : 2024年12月19日, 01:29:06
*FILESIZE* : 121266 (0x01D9B2)
*CODESIZE* : 43126 (0x00A876)
*CHECKSUM* : 0x003391B7
*ISPMODE* : 2
*ISPRESULT* : 0
--------------------
[2024-12-19 01:29:50] : End
--------------------------------------------------
[2024-12-19 01:32:15] : Begin
--------------------
*MCUTYPE* : AI8051U-34K64
*MCUID* : 78B4CA6A041D83
*FILENAME* : E:\github仓库\dianciSmartcar\其他\STCAI8051U_Library\STCAI8051U_Library\Seekfree_AI8051U_Opensource_Library\project\mdk\out_file\SEEKFREE.hex
*FILETIME* : 2024年12月19日, 01:31:32
*FILESIZE* : 121266 (0x01D9B2)
*CODESIZE* : 43126 (0x00A876)
*CHECKSUM* : 0x00339147
*ISPMODE* : 2
*ISPRESULT* : 0
--------------------
[2024-12-19 01:32:53] : End
--------------------------------------------------
[2024-12-19 01:33:59] : Begin
--------------------
*MCUTYPE* : AI8051U-34K64
*MCUID* : 78B4CA6A041D83
*FILENAME* : E:\github仓库\dianciSmartcar\其他\STCAI8051U_Library\STCAI8051U_Library\Seekfree_AI8051U_Opensource_Library\project\mdk\out_file\SEEKFREE.hex
*FILETIME* : 2024年12月19日, 01:33:46
*FILESIZE* : 121293 (0x01D9CD)
*CODESIZE* : 43133 (0x00A87D)
*CHECKSUM* : 0x0033930D
*ISPMODE* : 2
*ISPRESULT* : 0
--------------------
[2024-12-19 01:34:38] : End
--------------------------------------------------
[2024-12-19 01:35:22] : Begin
--------------------
*MCUTYPE* : AI8051U-34K64
*MCUID* : 78B4CA6A041D83
*FILENAME* : E:\github仓库\dianciSmartcar\其他\STCAI8051U_Library\STCAI8051U_Library\Seekfree_AI8051U_Opensource_Library\project\mdk\out_file\SEEKFREE.hex
*FILETIME* : 2024年12月19日, 01:35:16
*FILESIZE* : 121293 (0x01D9CD)
*CODESIZE* : 43133 (0x00A87D)
*CHECKSUM* : 0x003392B3
*ISPMODE* : 2
*ISPRESULT* : 0
--------------------
[2024-12-19 01:35:59] : End
--------------------------------------------------
[2024-12-19 01:38:02] : Begin
--------------------
*MCUTYPE* : AI8051U-34K64
*MCUID* : 78B4CA6A041D83
*FILENAME* : E:\github仓库\dianciSmartcar\其他\STCAI8051U_Library\STCAI8051U_Library\Seekfree_AI8051U_Opensource_Library\project\mdk\out_file\SEEKFREE.hex
*FILETIME* : 2024年12月19日, 01:37:59
*FILESIZE* : 121254 (0x01D9A6)
*CODESIZE* : 43120 (0x00A870)
*CHECKSUM* : 0x003389CB
*ISPMODE* : 2
*ISPRESULT* : 0
--------------------
[2024-12-19 01:38:39] : End
--------------------------------------------------
[2024-12-19 01:38:47] : Begin
--------------------
*MCUTYPE* : AI8051U-34K64
*MCUID* : 78B4CA6A041D83
*FILENAME* : E:\github仓库\dianciSmartcar\其他\STCAI8051U_Library\STCAI8051U_Library\Seekfree_AI8051U_Opensource_Library\project\mdk\out_file\SEEKFREE.hex
*FILETIME* : 2024年12月19日, 01:37:59
*FILESIZE* : 121254 (0x01D9A6)
*CODESIZE* : 43120 (0x00A870)
*CHECKSUM* : 0x003389CB
*ISPMODE* : 2
*ISPRESULT* : 0
--------------------
[2024-12-19 01:39:24] : End
--------------------------------------------------
[2024-12-19 01:40:07] : Begin
--------------------
*MCUTYPE* : AI8051U-34K64
*MCUID* : 78B4CA6A041D83
*FILENAME* : E:\github仓库\dianciSmartcar\其他\STCAI8051U_Library\STCAI8051U_Library\Seekfree_AI8051U_Opensource_Library\project\mdk\out_file\SEEKFREE.hex
*FILETIME* : 2024年12月19日, 01:40:05
*FILESIZE* : 121667 (0x01DB43)
*CODESIZE* : 43120 (0x00A870)
*CHECKSUM* : 0x003389CB
*ISPMODE* : 2
*ISPRESULT* : 0
--------------------
[2024-12-19 01:40:45] : End
--------------------------------------------------
[2024-12-19 01:41:17] : Begin
--------------------
*MCUTYPE* : AI8051U-34K64
*MCUID* : 78B4CA6A041D83
*FILENAME* : E:\github仓库\dianciSmartcar\其他\STCAI8051U_Library\STCAI8051U_Library\Seekfree_AI8051U_Opensource_Library\project\mdk\out_file\SEEKFREE.hex
*FILETIME* : 2024年12月19日, 01:41:12
*FILESIZE* : 121667 (0x01DB43)
*CODESIZE* : 43268 (0x00A904)
*CHECKSUM* : 0x00340BE4
*ISPMODE* : 2
*ISPRESULT* : 0
--------------------
[2024-12-19 01:41:56] : End
--------------------------------------------------
[2024-12-19 01:48:45] : Begin
--------------------
*MCUTYPE* : AI8051U-34K64
*MCUID* : 78B4CA6A041D83
*FILENAME* : E:\github仓库\dianciSmartcar\其他\STCAI8051U_Library\STCAI8051U_Library\Seekfree_AI8051U_Opensource_Library\project\mdk\out_file\SEEKFREE.hex
*FILETIME* : 2024年12月19日, 01:47:12
*FILESIZE* : 122442 (0x01DE4A)
*CODESIZE* : 43545 (0x00AA19)
*CHECKSUM* : 0x00347EA1
*ISPMODE* : 2
*ISPRESULT* : 0
--------------------
[2024-12-19 01:49:22] : End
--------------------------------------------------
[2024-12-19 01:51:31] : Begin
--------------------
*MCUTYPE* : AI8051U-34K64
*MCUID* : 78B4CA6A041D83
*FILENAME* : E:\github仓库\dianciSmartcar\其他\STCAI8051U_Library\STCAI8051U_Library\Seekfree_AI8051U_Opensource_Library\project\mdk\out_file\SEEKFREE.hex
*FILETIME* : 2024年12月19日, 01:51:25
*FILESIZE* : 122565 (0x01DEC5)
*CODESIZE* : 43587 (0x00AA43)
*CHECKSUM* : 0x00349B1B
*ISPMODE* : 2
*ISPRESULT* : 0
--------------------
[2024-12-19 01:52:08] : End
--------------------------------------------------
[2024-12-19 01:59:08] : Begin
--------------------
*MCUTYPE* : AI8051U-34K64
*MCUID* : 78B4CA6A041D83
*FILENAME* : E:\github仓库\dianciSmartcar\其他\STCAI8051U_Library\STCAI8051U_Library\Seekfree_AI8051U_Opensource_Library\project\mdk\out_file\SEEKFREE.hex
*FILETIME* : 2024年12月19日, 01:58:59
*FILESIZE* : 122285 (0x01DDAD)
*CODESIZE* : 43486 (0x00A9DE)
*CHECKSUM* : 0x00344F02
*ISPMODE* : 2
*ISPRESULT* : 0
--------------------
[2024-12-19 01:59:46] : End
--------------------------------------------------
[2024-12-19 02:00:12] : Begin
--------------------
*MCUTYPE* : AI8051U-34K64
*MCUID* : 78B4CA6A041D83
*FILENAME* : E:\github仓库\dianciSmartcar\其他\STCAI8051U_Library\STCAI8051U_Library\Seekfree_AI8051U_Opensource_Library\project\mdk\out_file\SEEKFREE.hex
*FILETIME* : 2024年12月19日, 01:58:59
*FILESIZE* : 122285 (0x01DDAD)
*CODESIZE* : 43486 (0x00A9DE)
*CHECKSUM* : 0x00344F02
*ISPMODE* : 2
*ISPRESULT* : 0
--------------------
[2024-12-19 02:00:52] : End
--------------------------------------------------
[2024-12-19 02:01:52] : Begin
--------------------
*MCUTYPE* : AI8051U-34K64
*MCUID* : 78B4CA6A041D83
*FILENAME* : E:\github仓库\dianciSmartcar\其他\STCAI8051U_Library\STCAI8051U_Library\Seekfree_AI8051U_Opensource_Library\project\mdk\out_file\SEEKFREE.hex
*FILETIME* : 2024年12月19日, 02:01:48
*FILESIZE* : 122162 (0x01DD32)
*CODESIZE* : 43486 (0x00A9DE)
*CHECKSUM* : 0x00345520
*ISPMODE* : 2
*ISPRESULT* : 0
--------------------
[2024-12-19 02:02:31] : End
--------------------------------------------------
[2024-12-19 02:04:23] : Begin
--------------------
*MCUTYPE* : AI8051U-34K64
*MCUID* : 78B4CA6A041D83
*FILENAME* : E:\github仓库\dianciSmartcar\其他\STCAI8051U_Library\STCAI8051U_Library\Seekfree_AI8051U_Opensource_Library\project\mdk\out_file\SEEKFREE.hex
*FILETIME* : 2024年12月19日, 02:04:18
*FILESIZE* : 122160 (0x01DD30)
*CODESIZE* : 43486 (0x00A9DE)
*CHECKSUM* : 0x00345322
*ISPMODE* : 2
*ISPRESULT* : 0
--------------------
[2024-12-19 02:05:03] : End
--------------------------------------------------
[2024-12-19 02:07:00] : Begin
--------------------
*MCUTYPE* : AI8051U-34K64
*MCUID* : 78B4CA6A041D83
*FILENAME* : E:\github仓库\dianciSmartcar\其他\STCAI8051U_Library\STCAI8051U_Library\Seekfree_AI8051U_Opensource_Library\project\mdk\out_file\SEEKFREE.hex
*FILETIME* : 2024年12月19日, 02:06:56
*FILESIZE* : 122148 (0x01DD24)
*CODESIZE* : 43486 (0x00A9DE)
*CHECKSUM* : 0x003452C1
*ISPMODE* : 2
*ISPRESULT* : 0
--------------------
[2024-12-19 02:07:39] : End
--------------------------------------------------
[2024-12-19 02:09:15] : Begin
--------------------
*MCUTYPE* : AI8051U-34K64
*MCUID* : 78B4CA6A041D83
*FILENAME* : E:\github仓库\dianciSmartcar\其他\STCAI8051U_Library\STCAI8051U_Library\Seekfree_AI8051U_Opensource_Library\project\mdk\out_file\SEEKFREE.hex
*FILETIME* : 2024年12月19日, 02:08:58
*FILESIZE* : 122148 (0x01DD24)
*CODESIZE* : 43486 (0x00A9DE)
*CHECKSUM* : 0x003452C1
*ISPMODE* : 2
*ISPRESULT* : 0
--------------------
[2024-12-19 02:09:54] : End
--------------------------------------------------
[2024-12-19 02:12:37] : Begin
--------------------
*MCUTYPE* : AI8051U-34K64
*MCUID* : 78B4CA6A041D83
*FILENAME* : E:\github仓库\dianciSmartcar\其他\STCAI8051U_Library\STCAI8051U_Library\Seekfree_AI8051U_Opensource_Library\project\mdk\out_file\SEEKFREE.hex
*FILETIME* : 2024年12月19日, 02:12:19
*FILESIZE* : 113264 (0x01BA70)
*CODESIZE* : 43486 (0x00A9DE)
*CHECKSUM* : 0x003328A9
*ISPMODE* : 2
*ISPRESULT* : 0
--------------------
[2024-12-19 02:13:15] : End
--------------------------------------------------
[2024-12-19 02:14:19] : Begin
--------------------
*MCUTYPE* : AI8051U-34K64
*MCUID* : 78B4CA6A041D83
*FILENAME* : E:\github仓库\dianciSmartcar\其他\STCAI8051U_Library\STCAI8051U_Library\Seekfree_AI8051U_Opensource_Library\project\mdk\out_file\SEEKFREE.hex
*FILETIME* : 2024年12月19日, 02:14:14
*FILESIZE* : 112759 (0x01B877)
*CODESIZE* : 43486 (0x00A9DE)
*CHECKSUM* : 0x00334E14
*ISPMODE* : 2
*ISPRESULT* : 0
--------------------
[2024-12-19 02:14:58] : End
--------------------------------------------------
[2024-12-19 02:17:50] : Begin
--------------------
*MCUTYPE* : AI8051U-34K64
*MCUID* : 78B4CA6A041D83
*FILENAME* : E:\github仓库\dianciSmartcar\其他\STCAI8051U_Library\STCAI8051U_Library\Seekfree_AI8051U_Opensource_Library\project\mdk\out_file\SEEKFREE.hex
*FILETIME* : 2024年12月19日, 02:17:39
*FILESIZE* : 113258 (0x01BA6A)
*CODESIZE* : 43486 (0x00A9DE)
*CHECKSUM* : 0x00332D0A
*ISPMODE* : 2
*ISPRESULT* : 0
--------------------
[2024-12-19 02:18:29] : End
--------------------------------------------------
[2024-12-19 02:19:23] : Begin
--------------------
*MCUTYPE* : AI8051U-34K64
*MCUID* : 78B4CA6A041D83
*FILENAME* : E:\github仓库\dianciSmartcar\其他\STCAI8051U_Library\STCAI8051U_Library\Seekfree_AI8051U_Opensource_Library\project\mdk\out_file\SEEKFREE.hex
*FILETIME* : 2024年12月19日, 02:19:00
*FILESIZE* : 112759 (0x01B877)
*CODESIZE* : 43486 (0x00A9DE)
*CHECKSUM* : 0x00334D58
*ISPMODE* : 2
*ISPRESULT* : 0
--------------------
[2024-12-19 02:20:03] : End
--------------------------------------------------
[2024-12-19 02:25:10] : Begin
--------------------
*MCUTYPE* : AI8051U-34K64
*MCUID* : 78B4CA6A041D83
*FILENAME* : E:\github仓库\dianciSmartcar\其他\STCAI8051U_Library\STCAI8051U_Library\Seekfree_AI8051U_Opensource_Library\project\mdk\out_file\SEEKFREE.hex
*FILETIME* : 2024年12月19日, 02:25:05
*FILESIZE* : 113352 (0x01BAC8)
*CODESIZE* : 43486 (0x00A9DE)
*CHECKSUM* : 0x00332C59
*ISPMODE* : 2
*ISPRESULT* : 0
--------------------
[2024-12-19 02:25:49] : End
--------------------------------------------------
[2024-12-19 02:29:41] : Begin
--------------------
*MCUTYPE* : AI8051U-34K64
*MCUID* : 78B4CA6A041D83
*FILENAME* : E:\github仓库\dianciSmartcar\其他\STCAI8051U_Library\STCAI8051U_Library\Seekfree_AI8051U_Opensource_Library\project\mdk\out_file\SEEKFREE.hex
*FILETIME* : 2024年12月19日, 02:29:36
*FILESIZE* : 112882 (0x01B8F2)
*CODESIZE* : 43486 (0x00A9DE)
*CHECKSUM* : 0x003345E6
*ISPMODE* : 2
*ISPRESULT* : 0
--------------------
[2024-12-19 02:30:21] : End
--------------------------------------------------
[2024-12-19 02:33:08] : Begin
--------------------
*MCUTYPE* : AI8051U-34K64
*MCUID* : 78B4CA6A041D83
*FILENAME* : E:\github仓库\dianciSmartcar\其他\STCAI8051U_Library\STCAI8051U_Library\Seekfree_AI8051U_Opensource_Library\project\mdk\out_file\SEEKFREE.hex
*FILETIME* : 2024年12月19日, 02:32:27
*FILESIZE* : 113283 (0x01BA83)
*CODESIZE* : 43486 (0x00A9DE)
*CHECKSUM* : 0x003345E6
*ISPMODE* : 2
*ISPRESULT* : 0
--------------------
[2024-12-19 02:33:46] : End
--------------------------------------------------
[2024-12-19 02:34:38] : Begin
--------------------
*MCUTYPE* : AI8051U-34K64
*MCUID* : 78B4CA6A041D83
*FILENAME* : E:\github仓库\dianciSmartcar\其他\STCAI8051U_Library\STCAI8051U_Library\Seekfree_AI8051U_Opensource_Library\project\mdk\out_file\SEEKFREE.hex
*FILETIME* : 2024年12月19日, 02:34:21
*FILESIZE* : 113285 (0x01BA85)
*CODESIZE* : 43486 (0x00A9DE)
*CHECKSUM* : 0x003345E6
*ISPMODE* : 2
*ISPRESULT* : 0
--------------------
[2024-12-19 02:35:18] : End
--------------------------------------------------
[2024-12-19 02:46:11] : Begin
--------------------
*MCUTYPE* : AI8051U-34K64
*FILENAME* : E:\github仓库\dianciSmartcar\其他\STCAI8051U_Library\STCAI8051U_Library\Seekfree_AI8051U_Opensource_Library\project\mdk\out_file\SEEKFREE.hex
*FILETIME* : 2024年12月19日, 02:46:08
*FILESIZE* : 112882 (0x01B8F2)
*CODESIZE* : 43486 (0x00A9DE)
*CHECKSUM* : 0x003345E6
*ISPMODE* : 2
*ISPRESULT* : -1
--------------------
[2024-12-19 02:46:12] : End
--------------------------------------------------
[2024-12-19 02:46:20] : Begin
--------------------
*MCUTYPE* : AI8051U-34K64
*MCUID* : 78B4CA6A041D83
*FILENAME* : E:\github仓库\dianciSmartcar\其他\STCAI8051U_Library\STCAI8051U_Library\Seekfree_AI8051U_Opensource_Library\project\mdk\out_file\SEEKFREE.hex
*FILETIME* : 2024年12月19日, 02:46:08
*FILESIZE* : 112882 (0x01B8F2)
*CODESIZE* : 43486 (0x00A9DE)
*CHECKSUM* : 0x003345E6
*ISPMODE* : 2
*ISPRESULT* : 0
--------------------
[2024-12-19 02:46:59] : End
--------------------------------------------------
[2024-12-19 02:48:52] : Begin
--------------------
*MCUTYPE* : AI8051U-34K64
*MCUID* : 78B4CA6A041D83
*FILENAME* : E:\github仓库\dianciSmartcar\其他\STCAI8051U_Library\STCAI8051U_Library\Seekfree_AI8051U_Opensource_Library\project\mdk\out_file\SEEKFREE.hex
*FILETIME* : 2024年12月19日, 02:48:48
*FILESIZE* : 113336 (0x01BAB8)
*CODESIZE* : 43486 (0x00A9DE)
*CHECKSUM* : 0x00333527
*ISPMODE* : 2
*ISPRESULT* : 0
--------------------
[2024-12-19 02:49:32] : End
--------------------------------------------------
[2024-12-19 02:50:24] : Begin
--------------------
*MCUTYPE* : AI8051U-34K64
*MCUID* : 78B4CA6A041D83
*FILENAME* : E:\github仓库\dianciSmartcar\其他\STCAI8051U_Library\STCAI8051U_Library\Seekfree_AI8051U_Opensource_Library\project\mdk\out_file\SEEKFREE.hex
*FILETIME* : 2024年12月19日, 02:50:20
*FILESIZE* : 113336 (0x01BAB8)
*CODESIZE* : 43486 (0x00A9DE)
*CHECKSUM* : 0x00333527
*ISPMODE* : 2
*ISPRESULT* : 0
--------------------
[2024-12-19 02:51:03] : End
--------------------------------------------------
[2024-12-19 02:52:12] : Begin
--------------------
*MCUTYPE* : AI8051U-34K64
*FILENAME* : E:\github仓库\dianciSmartcar\其他\STCAI8051U_Library\STCAI8051U_Library\Seekfree_AI8051U_Opensource_Library\project\mdk\out_file\SEEKFREE.hex
*FILETIME* : 2024年12月19日, 02:52:07
*FILESIZE* : 113391 (0x01BAEF)
*CODESIZE* : 43486 (0x00A9DE)
*CHECKSUM* : 0x00333527
*ISPMODE* : 2
*ISPRESULT* : 1
--------------------
[2024-12-19 02:52:14] : End
--------------------------------------------------
[2024-12-19 02:52:22] : Begin
--------------------
*MCUTYPE* : AI8051U-34K64
*MCUID* : 78B4CA6A041D83
*FILENAME* : E:\github仓库\dianciSmartcar\其他\STCAI8051U_Library\STCAI8051U_Library\Seekfree_AI8051U_Opensource_Library\project\mdk\out_file\SEEKFREE.hex
*FILETIME* : 2024年12月19日, 02:52:17
*FILESIZE* : 113391 (0x01BAEF)
*CODESIZE* : 43486 (0x00A9DE)
*CHECKSUM* : 0x003338C0
*ISPMODE* : 2
*ISPRESULT* : 0
--------------------
[2024-12-19 02:53:02] : End
--------------------------------------------------
[2024-12-19 02:54:00] : Begin
--------------------
*MCUTYPE* : AI8051U-34K64
*MCUID* : 78B4CA6A041D83
*FILENAME* : E:\github仓库\dianciSmartcar\其他\STCAI8051U_Library\STCAI8051U_Library\Seekfree_AI8051U_Opensource_Library\project\mdk\out_file\SEEKFREE.hex
*FILETIME* : 2024年12月19日, 02:53:55
*FILESIZE* : 113418 (0x01BB0A)
*CODESIZE* : 43486 (0x00A9DE)
*CHECKSUM* : 0x00333B9A
*ISPMODE* : 2
*ISPRESULT* : 0
--------------------
[2024-12-19 02:54:40] : End
--------------------------------------------------
[2024-12-19 02:56:29] : Begin
--------------------
*MCUTYPE* : AI8051U-34K64
*MCUID* : 78B4CA6A041D83
*FILENAME* : E:\github仓库\dianciSmartcar\其他\STCAI8051U_Library\STCAI8051U_Library\Seekfree_AI8051U_Opensource_Library\project\mdk\out_file\SEEKFREE.hex
*FILETIME* : 2024年12月19日, 02:56:23
*FILESIZE* : 113399 (0x01BAF7)
*CODESIZE* : 43486 (0x00A9DE)
*CHECKSUM* : 0x00333B5F
*ISPMODE* : 2
*ISPRESULT* : 0
--------------------
[2024-12-19 02:57:09] : End
--------------------------------------------------
[2024-12-19 02:58:35] : Begin
--------------------
*MCUTYPE* : AI8051U-34K64
*MCUID* : 78B4CA6A041D83
*FILENAME* : E:\github仓库\dianciSmartcar\其他\STCAI8051U_Library\STCAI8051U_Library\Seekfree_AI8051U_Opensource_Library\project\mdk\out_file\SEEKFREE.hex
*FILETIME* : 2024年12月19日, 02:58:29
*FILESIZE* : 112951 (0x01B937)
*CODESIZE* : 43486 (0x00A9DE)
*CHECKSUM* : 0x00333AD8
*ISPMODE* : 2
*ISPRESULT* : 0
--------------------
[2024-12-19 02:59:15] : End
--------------------------------------------------
[2024-12-19 03:03:06] : Begin
--------------------
*MCUTYPE* : AI8051U-34K64
*MCUID* : 78B4CA6A041D83
*FILENAME* : E:\github仓库\dianciSmartcar\其他\STCAI8051U_Library\STCAI8051U_Library\Seekfree_AI8051U_Opensource_Library\project\mdk\out_file\SEEKFREE.hex
*FILETIME* : 2024年12月19日, 03:02:53
*FILESIZE* : 113522 (0x01BB72)
*CODESIZE* : 43486 (0x00A9DE)
*CHECKSUM* : 0x00336E63
*ISPMODE* : 2
*ISPRESULT* : 0
--------------------
[2024-12-19 03:03:45] : End
--------------------------------------------------
[2024-12-19 03:28:20] : Begin
--------------------
*MCUTYPE* : AI8051U-34K64
*MCUID* : 78B4CA6A041D83
*FILENAME* : E:\github仓库\dianciSmartcar\其他\STCAI8051U_Library\STCAI8051U_Library\Seekfree_AI8051U_Opensource_Library\project\mdk\out_file\SEEKFREE.hex
*FILETIME* : 2024年12月19日, 03:28:15
*FILESIZE* : 113467 (0x01BB3B)
*CODESIZE* : 43486 (0x00A9DE)
*CHECKSUM* : 0x00336E63
*ISPMODE* : 2
*ISPRESULT* : 0
--------------------
[2024-12-19 03:28:59] : End
--------------------------------------------------
[2024-12-19 03:29:21] : Begin
--------------------
*MCUTYPE* : AI8051U-34K64
*MCUID* : 78B4CA6A041D83
*FILENAME* : E:\github仓库\dianciSmartcar\其他\STCAI8051U_Library\STCAI8051U_Library\Seekfree_AI8051U_Opensource_Library\project\mdk\out_file\SEEKFREE.hex
*FILETIME* : 2024年12月19日, 03:29:18
*FILESIZE* : 113467 (0x01BB3B)
*CODESIZE* : 43486 (0x00A9DE)
*CHECKSUM* : 0x00335670
*ISPMODE* : 2
*ISPRESULT* : 0
--------------------
[2024-12-19 03:30:00] : End
--------------------------------------------------
[2024-12-19 03:30:45] : Begin
--------------------
*MCUTYPE* : AI8051U-34K64
*MCUID* : 78B4CA6A041D83
*FILENAME* : E:\github仓库\dianciSmartcar\其他\STCAI8051U_Library\STCAI8051U_Library\Seekfree_AI8051U_Opensource_Library\project\mdk\out_file\SEEKFREE.hex
*FILETIME* : 2024年12月19日, 03:30:37
*FILESIZE* : 113475 (0x01BB43)
*CODESIZE* : 43486 (0x00A9DE)
*CHECKSUM* : 0x00335B29
*ISPMODE* : 2
*ISPRESULT* : 0
--------------------
[2024-12-19 03:31:25] : End
--------------------------------------------------
[2024-12-19 03:32:26] : Begin
--------------------
*MCUTYPE* : AI8051U-34K64
*MCUID* : 78B4CA6A041D83
*FILENAME* : E:\github仓库\dianciSmartcar\其他\STCAI8051U_Library\STCAI8051U_Library\Seekfree_AI8051U_Opensource_Library\project\mdk\out_file\SEEKFREE.hex
*FILETIME* : 2024年12月19日, 03:32:21
*FILESIZE* : 113563 (0x01BB9B)
*CODESIZE* : 43486 (0x00A9DE)
*CHECKSUM* : 0x003356DC
*ISPMODE* : 2
*ISPRESULT* : 0
--------------------
[2024-12-19 03:33:04] : End
--------------------------------------------------
[2024-12-19 03:38:11] : Begin
--------------------
*MCUTYPE* : AI8051U-34K64
*MCUID* : 78B4CA6A041D83
*FILENAME* : E:\github仓库\dianciSmartcar\其他\STCAI8051U_Library\STCAI8051U_Library\Seekfree_AI8051U_Opensource_Library\project\mdk\out_file\SEEKFREE.hex
*FILETIME* : 2024年12月19日, 03:38:04
*FILESIZE* : 113686 (0x01BC16)
*CODESIZE* : 40428 (0x009DEC)
*CHECKSUM* : 0x00306597
*ISPMODE* : 2
*ISPRESULT* : 0
--------------------
[2024-12-19 03:38:47] : End
--------------------------------------------------
[2024-12-19 03:40:03] : Begin
--------------------
*MCUTYPE* : AI8051U-34K64
*MCUID* : 78B4CA6A041D83
*FILENAME* : E:\github仓库\dianciSmartcar\其他\STCAI8051U_Library\STCAI8051U_Library\Seekfree_AI8051U_Opensource_Library\project\mdk\out_file\SEEKFREE.hex
*FILETIME* : 2024年12月19日, 03:38:04
*FILESIZE* : 113686 (0x01BC16)
*CODESIZE* : 40428 (0x009DEC)
*CHECKSUM* : 0x00306597
*ISPMODE* : 2
*ISPRESULT* : 0
--------------------
[2024-12-19 03:40:38] : End
--------------------------------------------------
[2024-12-19 03:40:47] : Begin
--------------------
*MCUTYPE* : AI8051U-34K64
*MCUID* : 78B4CA6A041D83
*FILENAME* : E:\github仓库\dianciSmartcar\其他\STCAI8051U_Library\STCAI8051U_Library\Seekfree_AI8051U_Opensource_Library\project\mdk\out_file\SEEKFREE.hex
*FILETIME* : 2024年12月19日, 03:40:27
*FILESIZE* : 113663 (0x01BBFF)
*CODESIZE* : 40428 (0x009DEC)
*CHECKSUM* : 0x003062A5
*ISPMODE* : 2
*ISPRESULT* : 0
--------------------
[2024-12-19 03:41:23] : End
--------------------------------------------------
[2024-12-19 03:43:18] : Begin
--------------------
*MCUTYPE* : AI8051U-34K64
*MCUID* : 78B4CA6A041D83
*FILENAME* : E:\github仓库\dianciSmartcar\其他\STCAI8051U_Library\STCAI8051U_Library\Seekfree_AI8051U_Opensource_Library\project\mdk\out_file\SEEKFREE.hex
*FILETIME* : 2024年12月19日, 03:43:13
*FILESIZE* : 121859 (0x01DC03)
*CODESIZE* : 43338 (0x00A94A)
*CHECKSUM* : 0x00341451
*ISPMODE* : 2
*ISPRESULT* : 0
--------------------
[2024-12-19 03:43:57] : End
--------------------------------------------------
[2024-12-19 03:45:23] : Begin
--------------------
*MCUTYPE* : AI8051U-34K64
*MCUID* : 78B4CA6A041D83
*FILENAME* : E:\github仓库\dianciSmartcar\其他\STCAI8051U_Library\STCAI8051U_Library\Seekfree_AI8051U_Opensource_Library\project\mdk\out_file\SEEKFREE.hex
*FILETIME* : 2024年12月19日, 03:45:19
*FILESIZE* : 122150 (0x01DD26)
*CODESIZE* : 43438 (0x00A9AE)
*CHECKSUM* : 0x00345AEC
*ISPMODE* : 2
*ISPRESULT* : 0
--------------------
[2024-12-19 03:46:02] : End
--------------------------------------------------
[2024-12-19 03:50:01] : Begin
--------------------
*MCUTYPE* : AI8051U-34K64
*MCUID* : 78B4CA6A041D83
*FILENAME* : E:\github仓库\dianciSmartcar\其他\STCAI8051U_Library\STCAI8051U_Library\Seekfree_AI8051U_Opensource_Library\project\mdk\out_file\SEEKFREE.hex
*FILETIME* : 2024年12月19日, 03:49:56
*FILESIZE* : 122338 (0x01DDE2)
*CODESIZE* : 43506 (0x00A9F2)
*CHECKSUM* : 0x003483BB
*ISPMODE* : 2
*ISPRESULT* : 0
--------------------
[2024-12-19 03:50:40] : End
--------------------------------------------------
[2024-12-19 03:51:46] : Begin
--------------------
*MCUTYPE* : AI8051U-34K64
*MCUID* : 78B4CA6A041D83
*FILENAME* : E:\github仓库\dianciSmartcar\其他\STCAI8051U_Library\STCAI8051U_Library\Seekfree_AI8051U_Opensource_Library\project\mdk\out_file\SEEKFREE.hex
*FILETIME* : 2024年12月19日, 03:51:43
*FILESIZE* : 122342 (0x01DDE6)
*CODESIZE* : 43508 (0x00A9F4)
*CHECKSUM* : 0x00346F13
*ISPMODE* : 2
*ISPRESULT* : 0
--------------------
[2024-12-19 03:52:25] : End
--------------------------------------------------
[2024-12-19 03:53:10] : Begin
--------------------
*MCUTYPE* : AI8051U-34K64
*MCUID* : 78B4CA6A041D83
*FILENAME* : E:\github仓库\dianciSmartcar\其他\STCAI8051U_Library\STCAI8051U_Library\Seekfree_AI8051U_Opensource_Library\project\mdk\out_file\SEEKFREE.hex
*FILETIME* : 2024年12月19日, 03:53:06
*FILESIZE* : 122352 (0x01DDF0)
*CODESIZE* : 43513 (0x00A9F9)
*CHECKSUM* : 0x00347114
*ISPMODE* : 2
*ISPRESULT* : 0
--------------------
[2024-12-19 03:53:47] : End
--------------------------------------------------
[2024-12-19 03:55:15] : Begin
--------------------
*MCUTYPE* : AI8051U-34K64
*MCUID* : 78B4CA6A041D83
*FILENAME* : E:\github仓库\dianciSmartcar\其他\STCAI8051U_Library\STCAI8051U_Library\Seekfree_AI8051U_Opensource_Library\project\mdk\out_file\SEEKFREE.hex
*FILETIME* : 2024年12月19日, 03:54:54
*FILESIZE* : 122348 (0x01DDEC)
*CODESIZE* : 43513 (0x00A9F9)
*CHECKSUM* : 0x0034715B
*ISPMODE* : 2
*ISPRESULT* : 0
--------------------
[2024-12-19 03:55:55] : End
--------------------------------------------------
[2024-12-19 03:57:01] : Begin
--------------------
*MCUTYPE* : AI8051U-34K64
*MCUID* : 78B4CA6A041D83
*FILENAME* : E:\github仓库\dianciSmartcar\其他\STCAI8051U_Library\STCAI8051U_Library\Seekfree_AI8051U_Opensource_Library\project\mdk\out_file\SEEKFREE.hex
*FILETIME* : 2024年12月19日, 03:56:45
*FILESIZE* : 122352 (0x01DDF0)
*CODESIZE* : 43513 (0x00A9F9)
*CHECKSUM* : 0x00347114
*ISPMODE* : 2
*ISPRESULT* : 0
--------------------
[2024-12-19 03:57:38] : End
--------------------------------------------------
[2024-12-19 03:59:28] : Begin
--------------------
*MCUTYPE* : AI8051U-34K64
*MCUID* : 78B4CA6A041D83
*FILENAME* : E:\github仓库\dianciSmartcar\其他\STCAI8051U_Library\STCAI8051U_Library\Seekfree_AI8051U_Opensource_Library\project\mdk\out_file\SEEKFREE.hex
*FILETIME* : 2024年12月19日, 03:59:19
*FILESIZE* : 122342 (0x01DDE6)
*CODESIZE* : 43513 (0x00A9F9)
*CHECKSUM* : 0x0034707D
*ISPMODE* : 2
*ISPRESULT* : 0
--------------------
[2024-12-19 04:00:07] : End
--------------------------------------------------
[2024-12-19 04:01:03] : Begin
--------------------
*MCUTYPE* : AI8051U-34K64
*MCUID* : 78B4CA6A041D83
*FILENAME* : E:\github仓库\dianciSmartcar\其他\STCAI8051U_Library\STCAI8051U_Library\Seekfree_AI8051U_Opensource_Library\project\mdk\out_file\SEEKFREE.hex
*FILETIME* : 2024年12月19日, 04:00:55
*FILESIZE* : 122352 (0x01DDF0)
*CODESIZE* : 43513 (0x00A9F9)
*CHECKSUM* : 0x00347114
*ISPMODE* : 2
*ISPRESULT* : 0
--------------------
[2024-12-19 04:01:39] : End
--------------------------------------------------
[2024-12-19 04:25:04] : Begin
--------------------
*MCUTYPE* : AI8051U-34K64
*MCUID* : 78B4CA6A041D83
*FILENAME* : E:\github仓库\dianciSmartcar\其他\STCAI8051U_Library\STCAI8051U_Library\Seekfree_AI8051U_Opensource_Library\project\mdk\out_file\SEEKFREE.hex
*FILETIME* : 2024年12月19日, 04:24:56
*FILESIZE* : 122641 (0x01DF11)
*CODESIZE* : 43612 (0x00AA5C)
*CHECKSUM* : 0x00345F54
*ISPMODE* : 2
*ISPRESULT* : 3
--------------------
[2024-12-19 04:25:21] : End
--------------------------------------------------
[2024-12-19 04:25:28] : Begin
--------------------
*MCUTYPE* : AI8051U-34K64
*MCUID* : 78B4CA6A041D83
*FILENAME* : E:\github仓库\dianciSmartcar\其他\STCAI8051U_Library\STCAI8051U_Library\Seekfree_AI8051U_Opensource_Library\project\mdk\out_file\SEEKFREE.hex
*FILETIME* : 2024年12月19日, 04:25:24
*FILESIZE* : 122618 (0x01DEFA)
*CODESIZE* : 43612 (0x00AA5C)
*CHECKSUM* : 0x003469BA
*ISPMODE* : 2
*ISPRESULT* : 0
--------------------
[2024-12-19 04:26:07] : End
--------------------------------------------------
[2024-12-19 04:26:47] : Begin
--------------------
*MCUTYPE* : AI8051U-34K64
*MCUID* : 78B4CA6A041D83
*FILENAME* : E:\github仓库\dianciSmartcar\其他\STCAI8051U_Library\STCAI8051U_Library\Seekfree_AI8051U_Opensource_Library\project\mdk\out_file\SEEKFREE.hex
*FILETIME* : 2024年12月19日, 04:26:40
*FILESIZE* : 122618 (0x01DEFA)
*CODESIZE* : 43612 (0x00AA5C)
*CHECKSUM* : 0x003469BA
*ISPMODE* : 2
*ISPRESULT* : 0
--------------------
[2024-12-19 04:27:26] : End
--------------------------------------------------
[2024-12-19 04:28:57] : Begin
--------------------
*MCUTYPE* : AI8051U-34K64
*MCUID* : 78B4CA6A041D83
*FILENAME* : E:\github仓库\dianciSmartcar\其他\STCAI8051U_Library\STCAI8051U_Library\Seekfree_AI8051U_Opensource_Library\project\mdk\out_file\SEEKFREE.hex
*FILETIME* : 2024年12月19日, 04:28:44
*FILESIZE* : 122491 (0x01DE7B)
*CODESIZE* : 43612 (0x00AA5C)
*CHECKSUM* : 0x00346E33
*ISPMODE* : 2
*ISPRESULT* : 0
--------------------
[2024-12-19 04:29:34] : End
--------------------------------------------------
[2024-12-19 04:30:30] : Begin
--------------------
*MCUTYPE* : AI8051U-34K64
*MCUID* : 78B4CA6A041D83
*FILENAME* : E:\github仓库\dianciSmartcar\其他\STCAI8051U_Library\STCAI8051U_Library\Seekfree_AI8051U_Opensource_Library\project\mdk\out_file\SEEKFREE.hex
*FILETIME* : 2024年12月19日, 04:30:25
*FILESIZE* : 122503 (0x01DE87)
*CODESIZE* : 43612 (0x00AA5C)
*CHECKSUM* : 0x00346E9D
*ISPMODE* : 2
*ISPRESULT* : 0
--------------------
[2024-12-19 04:31:09] : End
--------------------------------------------------
[2024-12-19 04:40:31] : Begin
--------------------
*MCUTYPE* : AI8051U-34K64
*MCUID* : 78B4CA6A041D83
*FILENAME* : E:\github仓库\dianciSmartcar\其他\STCAI8051U_Library\STCAI8051U_Library\Seekfree_AI8051U_Opensource_Library\project\mdk\out_file\SEEKFREE.hex
*FILETIME* : 2024年12月19日, 04:40:21
*FILESIZE* : 122657 (0x01DF21)
*CODESIZE* : 43615 (0x00AA5F)
*CHECKSUM* : 0x00346085
*ISPMODE* : 2
*ISPRESULT* : 0
--------------------
[2024-12-19 04:41:11] : End
--------------------------------------------------
[2024-12-19 04:43:22] : Begin
--------------------
*MCUTYPE* : AI8051U-34K64
*MCUID* : 78B4CA6A041D83
*FILENAME* : E:\github仓库\dianciSmartcar\其他\STCAI8051U_Library\STCAI8051U_Library\Seekfree_AI8051U_Opensource_Library\project\mdk\out_file\SEEKFREE.hex
*FILETIME* : 2024年12月19日, 04:43:16
*FILESIZE* : 122546 (0x01DEB2)
*CODESIZE* : 43615 (0x00AA5F)
*CHECKSUM* : 0x00346F54
*ISPMODE* : 2
*ISPRESULT* : 0
--------------------
[2024-12-19 04:43:59] : End
--------------------------------------------------
[2024-12-19 04:44:59] : Begin
--------------------
*MCUTYPE* : AI8051U-34K64
*MCUID* : 78B4CA6A041D83
*FILENAME* : E:\github仓库\dianciSmartcar\其他\STCAI8051U_Library\STCAI8051U_Library\Seekfree_AI8051U_Opensource_Library\project\mdk\out_file\SEEKFREE.hex
*FILETIME* : 2024年12月19日, 04:44:52
*FILESIZE* : 122542 (0x01DEAE)
*CODESIZE* : 43615 (0x00AA5F)
*CHECKSUM* : 0x00346E32
*ISPMODE* : 2
*ISPRESULT* : 0
--------------------
[2024-12-19 04:45:38] : End
--------------------------------------------------
[2024-12-19 04:47:50] : Begin
--------------------
*MCUTYPE* : AI8051U-34K64
*MCUID* : 78B4CA6A041D83
*FILENAME* : E:\github仓库\dianciSmartcar\其他\STCAI8051U_Library\STCAI8051U_Library\Seekfree_AI8051U_Opensource_Library\project\mdk\out_file\SEEKFREE.hex
*FILETIME* : 2024年12月19日, 04:46:46
*FILESIZE* : 122546 (0x01DEB2)
*CODESIZE* : 43615 (0x00AA5F)
*CHECKSUM* : 0x00346E32
*ISPMODE* : 2
*ISPRESULT* : 0
--------------------
[2024-12-19 04:48:29] : End
--------------------------------------------------
[2024-12-19 04:50:43] : Begin
--------------------
*MCUTYPE* : AI8051U-34K64
*MCUID* : 78B4CA6A041D83
*FILENAME* : E:\github仓库\dianciSmartcar\其他\STCAI8051U_Library\STCAI8051U_Library\Seekfree_AI8051U_Opensource_Library\project\mdk\out_file\SEEKFREE.hex
*FILETIME* : 2024年12月19日, 04:49:47
*FILESIZE* : 122657 (0x01DF21)
*CODESIZE* : 43615 (0x00AA5F)
*CHECKSUM* : 0x00346085
*ISPMODE* : 2
*ISPRESULT* : 0
--------------------
[2024-12-19 04:51:23] : End
--------------------------------------------------
[2024-12-19 04:54:03] : Begin
--------------------
*MCUTYPE* : AI8051U-34K64
*MCUID* : 78B4CA6A041D83
*FILENAME* : E:\github仓库\dianciSmartcar\其他\STCAI8051U_Library\STCAI8051U_Library\Seekfree_AI8051U_Opensource_Library\project\mdk\out_file\SEEKFREE.hex
*FILETIME* : 2024年12月19日, 04:53:58
*FILESIZE* : 122626 (0x01DF02)
*CODESIZE* : 43615 (0x00AA5F)
*CHECKSUM* : 0x00346AE6
*ISPMODE* : 2
*ISPRESULT* : 0
--------------------
[2024-12-19 04:54:42] : End
--------------------------------------------------
[2024-12-19 04:59:01] : Begin
--------------------
*MCUTYPE* : AI8051U-34K64
*MCUID* : 78B4CA6A041D83
*FILENAME* : E:\github仓库\dianciSmartcar\其他\STCAI8051U_Library\STCAI8051U_Library\Seekfree_AI8051U_Opensource_Library\project\mdk\out_file\SEEKFREE.hex
*FILETIME* : 2024年12月19日, 04:58:44
*FILESIZE* : 122626 (0x01DF02)
*CODESIZE* : 43615 (0x00AA5F)
*CHECKSUM* : 0x00346AE6
*ISPMODE* : 2
*ISPRESULT* : 0
--------------------
[2024-12-19 04:59:37] : End
--------------------------------------------------
[2024-12-19 05:02:36] : Begin
--------------------
*MCUTYPE* : AI8051U-34K64
*MCUID* : 78B4CA6A041D83
*FILENAME* : E:\github仓库\dianciSmartcar\其他\STCAI8051U_Library\STCAI8051U_Library\Seekfree_AI8051U_Opensource_Library\project\mdk\out_file\SEEKFREE.hex
*FILETIME* : 2024年12月19日, 05:01:58
*FILESIZE* : 122906 (0x01E01A)
*CODESIZE* : 43707 (0x00AABB)
*CHECKSUM* : 0x00347D10
*ISPMODE* : 2
*ISPRESULT* : 0
--------------------
[2024-12-19 05:03:15] : End
--------------------------------------------------
[2024-12-19 05:04:53] : Begin
--------------------
*MCUTYPE* : AI8051U-34K64
*MCUID* : 78B4CA6A041D83
*FILENAME* : E:\github仓库\dianciSmartcar\其他\STCAI8051U_Library\STCAI8051U_Library\Seekfree_AI8051U_Opensource_Library\project\mdk\out_file\SEEKFREE.hex
*FILETIME* : 2024年12月19日, 05:04:47
*FILESIZE* : 122939 (0x01E03B)
*CODESIZE* : 43717 (0x00AAC5)
*CHECKSUM* : 0x003481A3
*ISPMODE* : 2
*ISPRESULT* : 0
--------------------
[2024-12-19 05:05:32] : End
--------------------------------------------------
[2024-12-19 05:07:03] : Begin
--------------------
*MCUTYPE* : AI8051U-34K64
*MCUID* : 78B4CA6A041D83
*FILENAME* : E:\github仓库\dianciSmartcar\其他\STCAI8051U_Library\STCAI8051U_Library\Seekfree_AI8051U_Opensource_Library\project\mdk\out_file\SEEKFREE.hex
*FILETIME* : 2024年12月19日, 05:06:47
*FILESIZE* : 122939 (0x01E03B)
*CODESIZE* : 43717 (0x00AAC5)
*CHECKSUM* : 0x003481A3
*ISPMODE* : 2
*ISPRESULT* : 0
--------------------
[2024-12-19 05:07:41] : End
--------------------------------------------------
[2024-12-19 05:08:34] : Begin
--------------------
*MCUTYPE* : AI8051U-34K64
*MCUID* : 78B4CA6A041D83
*FILENAME* : E:\github仓库\dianciSmartcar\其他\STCAI8051U_Library\STCAI8051U_Library\Seekfree_AI8051U_Opensource_Library\project\mdk\out_file\SEEKFREE.hex
*FILETIME* : 2024年12月19日, 05:08:28
*FILESIZE* : 122937 (0x01E039)
*CODESIZE* : 43717 (0x00AAC5)
*CHECKSUM* : 0x0034797F
*ISPMODE* : 2
*ISPRESULT* : 0
--------------------
[2024-12-19 05:09:12] : End
--------------------------------------------------
[2024-12-19 05:12:45] : Begin
--------------------
*MCUTYPE* : AI8051U-34K64
*MCUID* : 78B4CA6A041D83
*FILENAME* : E:\github仓库\dianciSmartcar\其他\STCAI8051U_Library\STCAI8051U_Library\Seekfree_AI8051U_Opensource_Library\project\mdk\out_file\SEEKFREE.hex
*FILETIME* : 2024年12月19日, 05:12:03
*FILESIZE* : 122937 (0x01E039)
*CODESIZE* : 43717 (0x00AAC5)
*CHECKSUM* : 0x0034797F
*ISPMODE* : 2
*ISPRESULT* : 0
--------------------
[2024-12-19 05:13:24] : End
--------------------------------------------------
[2024-12-19 05:18:38] : Begin
--------------------
*MCUTYPE* : AI8051U-34K64
*MCUID* : 78B4CA6A041D83
*FILENAME* : E:\github仓库\dianciSmartcar\其他\STCAI8051U_Library\STCAI8051U_Library\Seekfree_AI8051U_Opensource_Library\project\mdk\out_file\SEEKFREE.hex
*FILETIME* : 2024年12月19日, 05:12:03
*FILESIZE* : 122937 (0x01E039)
*CODESIZE* : 43717 (0x00AAC5)
*CHECKSUM* : 0x0034797F
*ISPMODE* : 2
*ISPRESULT* : 0
--------------------
[2024-12-19 05:19:16] : End
--------------------------------------------------
[2024-12-19 05:31:14] : Begin
--------------------
*MCUTYPE* : AI8051U-34K64
*MCUID* : 78B4CA6A041D83
*FILENAME* : E:\github仓库\dianciSmartcar\其他\STCAI8051U_Library\STCAI8051U_Library\Seekfree_AI8051U_Opensource_Library\project\mdk\out_file\SEEKFREE.hex
*FILETIME* : 2024年12月19日, 05:12:03
*FILESIZE* : 122937 (0x01E039)
*CODESIZE* : 43717 (0x00AAC5)
*CHECKSUM* : 0x0034797F
*ISPMODE* : 2
*ISPRESULT* : 0
--------------------
[2024-12-19 05:31:51] : End
--------------------------------------------------
[2024-12-19 05:43:52] : Begin
--------------------
*MCUTYPE* : AI8051U-34K64
*FILENAME* : E:\github仓库\dianciSmartcar\其他\STCAI8051U_Library\STCAI8051U_Library\Seekfree_AI8051U_Opensource_Library\project\mdk\out_file\SEEKFREE.hex
*FILETIME* : 2024年12月19日, 05:43:46
*FILESIZE* : 122937 (0x01E039)
*CODESIZE* : 43717 (0x00AAC5)
*CHECKSUM* : 0x0034797F
*ISPMODE* : 2
*ISPRESULT* : -1
--------------------
[2024-12-19 05:43:53] : End
--------------------------------------------------
[2024-12-19 05:44:02] : Begin
--------------------
*MCUTYPE* : AI8051U-34K64
*MCUID* : 78B4CA6A041D83
*FILENAME* : E:\github仓库\dianciSmartcar\其他\STCAI8051U_Library\STCAI8051U_Library\Seekfree_AI8051U_Opensource_Library\project\mdk\out_file\SEEKFREE.hex
*FILETIME* : 2024年12月19日, 05:43:46
*FILESIZE* : 122937 (0x01E039)
*CODESIZE* : 43717 (0x00AAC5)
*CHECKSUM* : 0x0034797F
*ISPMODE* : 2
*ISPRESULT* : 0
--------------------
[2024-12-19 05:44:41] : End
--------------------------------------------------
